Using pre-set license
Built from '2020.3/release' branch; Version is '2020.3.2f1 (8fd9074bf66c) revision 9427207'; Using compiler version '192528614'; Build Type 'Release'
OS: 'Windows 10 Pro; OS build 19043.1110; Version 2009; 64bit' Language: 'ru' Physical Memory: 16320 MB
BatchMode: 1, IsHumanControllingUs: 0, StartBugReporterOnCrash: 0, Is64bit: 1, IsPro: 0

 COMMAND LINE ARGUMENTS:
C:\Program Files\Unity\Hub\Editor\2020.3.2f1\Editor\Unity.exe
-adb2
-batchMode
-noUpm
-name
AssetImportWorker0
-projectPath
D:/Unity Projects/GitHub/Retro Style Games Technical Task
-logFile
Logs/AssetImportWorker0.log
-srvPort
58957
Successfully changed project path to: D:/Unity Projects/GitHub/Retro Style Games Technical Task
D:/Unity Projects/GitHub/Retro Style Games Technical Task
Using Asset Import Pipeline V2.
Refreshing native plugins compatible for Editor in 30.49 ms, found 0 plugins.
Preloading 0 native plugins for Editor in 0.00 ms.
Initialize engine version: 2020.3.2f1 (8fd9074bf66c)
[Subsystems] Discovering subsystems at path C:/Program Files/Unity/Hub/Editor/2020.3.2f1/Editor/Data/Resources/UnitySubsystems
[Subsystems] Discovering subsystems at path D:/Unity Projects/GitHub/Retro Style Games Technical Task/Assets
GfxDevice: creating device client; threaded=0
Direct3D:
    Version:  Direct3D 11.0 [level 11.1]
    Renderer: Radeon RX 590 Series (ID=0x67df)
    Vendor:   
    VRAM:     8171 MB
    Driver:   27.20.22001.16006
Initialize mono
Mono path[0] = 'C:/Program Files/Unity/Hub/Editor/2020.3.2f1/Editor/Data/Managed'
Mono path[1] = 'C:/Program Files/Unity/Hub/Editor/2020.3.2f1/Editor/Data/MonoBleedingEdge/lib/mono/unityjit'
Mono config path = 'C:/Program Files/Unity/Hub/Editor/2020.3.2f1/Editor/Data/MonoBleedingEdge/etc'
Using monoOptions --debugger-agent=transport=dt_socket,embedding=1,server=y,suspend=n,address=127.0.0.1:56152
Begin MonoManager ReloadAssembly
Registering precompiled unity dll's ...
Register platform support module: C:/Program Files/Unity/Hub/Editor/2020.3.2f1/Editor/Data/PlaybackEngines/WindowsStandaloneSupport/UnityEditor.WindowsStandalone.Extensions.dll
Registered in 0.001667 seconds.
Native extension for WindowsStandalone target not found
Refreshing native plugins compatible for Editor in 29.61 ms, found 0 plugins.
Preloading 0 native plugins for Editor in 0.00 ms.
Invoked RoslynAnalysisRunner static constructor.
RoslynAnalysisRunner will not be running.
RoslynAnalysisRunner has terminated.
Mono: successfully reloaded assembly
- Completed reload, in  1.842 seconds
Platform modules already initialized, skipping
Registering precompiled user dll's ...
Registered in 0.000621 seconds.
Begin MonoManager ReloadAssembly
Native extension for WindowsStandalone target not found
Refreshing native plugins compatible for Editor in 28.70 ms, found 0 plugins.
Preloading 0 native plugins for Editor in 0.00 ms.
Invoked RoslynAnalysisRunner static constructor.
RoslynAnalysisRunner will not be running.
RoslynAnalysisRunner has terminated.
Mono: successfully reloaded assembly
- Completed reload, in  0.807 seconds
Platform modules already initialized, skipping
========================================================================
Worker process is ready to serve import requests
Launched and connected shader compiler UnityShaderCompiler.exe after 0.03 seconds
Refreshing native plugins compatible for Editor in 0.44 ms, found 0 plugins.
Preloading 0 native plugins for Editor in 0.00 ms.
Unloading 1683 Unused Serialized files (Serialized files now loaded: 0)
System memory in use before: 76.7 MB.
System memory in use after: 76.8 MB.

Unloading 25 unused Assets to reduce memory usage. Loaded Objects now: 2114.
Total: 2.009500 ms (FindLiveObjects: 0.255500 ms CreateObjectMapping: 0.077500 ms MarkObjects: 1.612100 ms  DeleteObjects: 0.062500 ms)

========================================================================
Received Import Request.
  path: Assets/Prefabs/Player.prefab
  artifactKey: Guid(b31c056dd3f09a944b509ceda2a22e1f) Importer(815301076,1909f56bfc062723c751e8b465ee728b)
Start importing Assets/Prefabs/Player.prefab using Guid(b31c056dd3f09a944b509ceda2a22e1f) Importer(815301076,1909f56bfc062723c751e8b465ee728b)  -> (artifact id: 'd977e525987b47db6676ecfab26b733a') in 0.112712 seconds
  Import took 0.115515 seconds .

========================================================================
Received Prepare
Registering precompiled user dll's ...
Registered in 0.000600 seconds.
Begin MonoManager ReloadAssembly
Native extension for WindowsStandalone target not found
Refreshing native plugins compatible for Editor in 0.44 ms, found 0 plugins.
Preloading 0 native plugins for Editor in 0.00 ms.
Invoked RoslynAnalysisRunner static constructor.
RoslynAnalysisRunner will not be running.
RoslynAnalysisRunner has terminated.
Mono: successfully reloaded assembly
- Completed reload, in  0.785 seconds
Platform modules already initialized, skipping
Refreshing native plugins compatible for Editor in 0.43 ms, found 0 plugins.
Preloading 0 native plugins for Editor in 0.00 ms.
Unloading 1674 Unused Serialized files (Serialized files now loaded: 0)
System memory in use before: 79.7 MB.
System memory in use after: 79.8 MB.

Unloading 19 unused Assets to reduce memory usage. Loaded Objects now: 2125.
Total: 1.771600 ms (FindLiveObjects: 0.165000 ms CreateObjectMapping: 0.041900 ms MarkObjects: 1.546200 ms  DeleteObjects: 0.017400 ms)

========================================================================
Received Prepare
Registering precompiled user dll's ...
Registered in 0.000385 seconds.
Begin MonoManager ReloadAssembly
Native extension for WindowsStandalone target not found
Refreshing native plugins compatible for Editor in 0.45 ms, found 0 plugins.
Preloading 0 native plugins for Editor in 0.00 ms.
Invoked RoslynAnalysisRunner static constructor.
RoslynAnalysisRunner will not be running.
RoslynAnalysisRunner has terminated.
Mono: successfully reloaded assembly
- Completed reload, in  0.744 seconds
Platform modules already initialized, skipping
Refreshing native plugins compatible for Editor in 0.40 ms, found 0 plugins.
Preloading 0 native plugins for Editor in 0.00 ms.
Unloading 1675 Unused Serialized files (Serialized files now loaded: 0)
System memory in use before: 79.8 MB.
System memory in use after: 79.9 MB.

Unloading 18 unused Assets to reduce memory usage. Loaded Objects now: 2129.
Total: 1.847000 ms (FindLiveObjects: 0.192100 ms CreateObjectMapping: 0.043500 ms MarkObjects: 1.596200 ms  DeleteObjects: 0.014200 ms)

========================================================================
Received Prepare
Registering precompiled user dll's ...
Registered in 0.000390 seconds.
Begin MonoManager ReloadAssembly
Native extension for WindowsStandalone target not found
Refreshing native plugins compatible for Editor in 0.45 ms, found 0 plugins.
Preloading 0 native plugins for Editor in 0.00 ms.
Invoked RoslynAnalysisRunner static constructor.
RoslynAnalysisRunner will not be running.
RoslynAnalysisRunner has terminated.
Mono: successfully reloaded assembly
- Completed reload, in  0.715 seconds
Platform modules already initialized, skipping
Refreshing native plugins compatible for Editor in 0.47 ms, found 0 plugins.
Preloading 0 native plugins for Editor in 0.00 ms.
Unloading 1675 Unused Serialized files (Serialized files now loaded: 0)
System memory in use before: 79.8 MB.
System memory in use after: 79.9 MB.

Unloading 18 unused Assets to reduce memory usage. Loaded Objects now: 2132.
Total: 2.013500 ms (FindLiveObjects: 0.228400 ms CreateObjectMapping: 0.039700 ms MarkObjects: 1.729200 ms  DeleteObjects: 0.015000 ms)

========================================================================
Received Prepare
Registering precompiled user dll's ...
Registered in 0.000586 seconds.
Begin MonoManager ReloadAssembly
Native extension for WindowsStandalone target not found
Refreshing native plugins compatible for Editor in 0.44 ms, found 0 plugins.
Preloading 0 native plugins for Editor in 0.00 ms.
Invoked RoslynAnalysisRunner static constructor.
RoslynAnalysisRunner will not be running.
RoslynAnalysisRunner has terminated.
Mono: successfully reloaded assembly
- Completed reload, in  0.730 seconds
Platform modules already initialized, skipping
Refreshing native plugins compatible for Editor in 0.36 ms, found 0 plugins.
Preloading 0 native plugins for Editor in 0.00 ms.
Unloading 1675 Unused Serialized files (Serialized files now loaded: 0)
System memory in use before: 79.8 MB.
System memory in use after: 79.9 MB.

Unloading 18 unused Assets to reduce memory usage. Loaded Objects now: 2135.
Total: 1.803300 ms (FindLiveObjects: 0.165700 ms CreateObjectMapping: 0.046400 ms MarkObjects: 1.576600 ms  DeleteObjects: 0.013400 ms)

========================================================================
Received Prepare
Registering precompiled user dll's ...
Registered in 0.000494 seconds.
Begin MonoManager ReloadAssembly
Native extension for WindowsStandalone target not found
Refreshing native plugins compatible for Editor in 0.44 ms, found 0 plugins.
Preloading 0 native plugins for Editor in 0.00 ms.
Invoked RoslynAnalysisRunner static constructor.
RoslynAnalysisRunner will not be running.
RoslynAnalysisRunner has terminated.
Mono: successfully reloaded assembly
- Completed reload, in  0.751 seconds
Platform modules already initialized, skipping
Refreshing native plugins compatible for Editor in 0.51 ms, found 0 plugins.
Preloading 0 native plugins for Editor in 0.00 ms.
Unloading 1675 Unused Serialized files (Serialized files now loaded: 0)
System memory in use before: 79.8 MB.
System memory in use after: 79.9 MB.

Unloading 18 unused Assets to reduce memory usage. Loaded Objects now: 2138.
Total: 1.784400 ms (FindLiveObjects: 0.192700 ms CreateObjectMapping: 0.042300 ms MarkObjects: 1.534800 ms  DeleteObjects: 0.013500 ms)

========================================================================
Received Prepare
Registering precompiled user dll's ...
Registered in 0.000533 seconds.
Begin MonoManager ReloadAssembly
Native extension for WindowsStandalone target not found
Refreshing native plugins compatible for Editor in 0.44 ms, found 0 plugins.
Preloading 0 native plugins for Editor in 0.00 ms.
Invoked RoslynAnalysisRunner static constructor.
RoslynAnalysisRunner will not be running.
RoslynAnalysisRunner has terminated.
Mono: successfully reloaded assembly
- Completed reload, in  0.727 seconds
Platform modules already initialized, skipping
Refreshing native plugins compatible for Editor in 0.42 ms, found 0 plugins.
Preloading 0 native plugins for Editor in 0.00 ms.
Unloading 1675 Unused Serialized files (Serialized files now loaded: 0)
System memory in use before: 79.8 MB.
System memory in use after: 79.9 MB.

Unloading 18 unused Assets to reduce memory usage. Loaded Objects now: 2141.
Total: 1.815000 ms (FindLiveObjects: 0.194600 ms CreateObjectMapping: 0.041700 ms MarkObjects: 1.563700 ms  DeleteObjects: 0.013800 ms)

========================================================================
Received Prepare
Registering precompiled user dll's ...
Registered in 0.000464 seconds.
Begin MonoManager ReloadAssembly
Native extension for WindowsStandalone target not found
Refreshing native plugins compatible for Editor in 0.44 ms, found 0 plugins.
Preloading 0 native plugins for Editor in 0.00 ms.
Invoked RoslynAnalysisRunner static constructor.
RoslynAnalysisRunner will not be running.
RoslynAnalysisRunner has terminated.
Mono: successfully reloaded assembly
- Completed reload, in  0.721 seconds
Platform modules already initialized, skipping
Refreshing native plugins compatible for Editor in 0.43 ms, found 0 plugins.
Preloading 0 native plugins for Editor in 0.00 ms.
Unloading 1675 Unused Serialized files (Serialized files now loaded: 0)
System memory in use before: 79.8 MB.
System memory in use after: 79.9 MB.

Unloading 18 unused Assets to reduce memory usage. Loaded Objects now: 2144.
Total: 1.768000 ms (FindLiveObjects: 0.185100 ms CreateObjectMapping: 0.043500 ms MarkObjects: 1.525100 ms  DeleteObjects: 0.013100 ms)

========================================================================
Received Prepare
Registering precompiled user dll's ...
Registered in 0.000473 seconds.
Begin MonoManager ReloadAssembly
Native extension for WindowsStandalone target not found
Refreshing native plugins compatible for Editor in 0.44 ms, found 0 plugins.
Preloading 0 native plugins for Editor in 0.00 ms.
Invoked RoslynAnalysisRunner static constructor.
RoslynAnalysisRunner will not be running.
RoslynAnalysisRunner has terminated.
Mono: successfully reloaded assembly
- Completed reload, in  0.746 seconds
Platform modules already initialized, skipping
Refreshing native plugins compatible for Editor in 0.47 ms, found 0 plugins.
Preloading 0 native plugins for Editor in 0.00 ms.
Unloading 1675 Unused Serialized files (Serialized files now loaded: 0)
System memory in use before: 79.8 MB.
System memory in use after: 79.9 MB.

Unloading 18 unused Assets to reduce memory usage. Loaded Objects now: 2147.
Total: 1.793100 ms (FindLiveObjects: 0.193100 ms CreateObjectMapping: 0.043500 ms MarkObjects: 1.543000 ms  DeleteObjects: 0.012500 ms)

========================================================================
Received Prepare
Registering precompiled user dll's ...
Registered in 0.000410 seconds.
Begin MonoManager ReloadAssembly
Native extension for WindowsStandalone target not found
Refreshing native plugins compatible for Editor in 0.44 ms, found 0 plugins.
Preloading 0 native plugins for Editor in 0.00 ms.
Invoked RoslynAnalysisRunner static constructor.
RoslynAnalysisRunner will not be running.
RoslynAnalysisRunner has terminated.
Mono: successfully reloaded assembly
- Completed reload, in  0.745 seconds
Platform modules already initialized, skipping
Refreshing native plugins compatible for Editor in 0.44 ms, found 0 plugins.
Preloading 0 native plugins for Editor in 0.00 ms.
Unloading 1675 Unused Serialized files (Serialized files now loaded: 0)
System memory in use before: 79.8 MB.
System memory in use after: 79.9 MB.

Unloading 18 unused Assets to reduce memory usage. Loaded Objects now: 2150.
Total: 1.867700 ms (FindLiveObjects: 0.209800 ms CreateObjectMapping: 0.039700 ms MarkObjects: 1.602300 ms  DeleteObjects: 0.014800 ms)

========================================================================
Received Prepare
Registering precompiled user dll's ...
Registered in 0.000386 seconds.
Begin MonoManager ReloadAssembly
Native extension for WindowsStandalone target not found
Refreshing native plugins compatible for Editor in 0.43 ms, found 0 plugins.
Preloading 0 native plugins for Editor in 0.00 ms.
Invoked RoslynAnalysisRunner static constructor.
RoslynAnalysisRunner will not be running.
RoslynAnalysisRunner has terminated.
Mono: successfully reloaded assembly
- Completed reload, in  0.715 seconds
Platform modules already initialized, skipping
Refreshing native plugins compatible for Editor in 0.39 ms, found 0 plugins.
Preloading 0 native plugins for Editor in 0.00 ms.
Unloading 1675 Unused Serialized files (Serialized files now loaded: 0)
System memory in use before: 79.8 MB.
System memory in use after: 79.9 MB.

Unloading 18 unused Assets to reduce memory usage. Loaded Objects now: 2153.
Total: 1.750800 ms (FindLiveObjects: 0.188500 ms CreateObjectMapping: 0.044200 ms MarkObjects: 1.505300 ms  DeleteObjects: 0.011800 ms)

========================================================================
Received Prepare
Registering precompiled user dll's ...
Registered in 0.000400 seconds.
Begin MonoManager ReloadAssembly
Native extension for WindowsStandalone target not found
Refreshing native plugins compatible for Editor in 0.44 ms, found 0 plugins.
Preloading 0 native plugins for Editor in 0.00 ms.
Invoked RoslynAnalysisRunner static constructor.
RoslynAnalysisRunner will not be running.
RoslynAnalysisRunner has terminated.
Mono: successfully reloaded assembly
- Completed reload, in  0.736 seconds
Platform modules already initialized, skipping
Refreshing native plugins compatible for Editor in 0.43 ms, found 0 plugins.
Preloading 0 native plugins for Editor in 0.00 ms.
Unloading 1675 Unused Serialized files (Serialized files now loaded: 0)
System memory in use before: 79.8 MB.
System memory in use after: 79.9 MB.

Unloading 18 unused Assets to reduce memory usage. Loaded Objects now: 2156.
Total: 2.643100 ms (FindLiveObjects: 0.256900 ms CreateObjectMapping: 0.045000 ms MarkObjects: 2.316900 ms  DeleteObjects: 0.022600 ms)

========================================================================
Received Prepare
Registering precompiled user dll's ...
Registered in 0.000635 seconds.
Begin MonoManager ReloadAssembly
Native extension for WindowsStandalone target not found
Refreshing native plugins compatible for Editor in 0.44 ms, found 0 plugins.
Preloading 0 native plugins for Editor in 0.00 ms.
Invoked RoslynAnalysisRunner static constructor.
RoslynAnalysisRunner will not be running.
RoslynAnalysisRunner has terminated.
Mono: successfully reloaded assembly
- Completed reload, in  0.715 seconds
Platform modules already initialized, skipping
Refreshing native plugins compatible for Editor in 0.37 ms, found 0 plugins.
Preloading 0 native plugins for Editor in 0.00 ms.
Unloading 1675 Unused Serialized files (Serialized files now loaded: 0)
System memory in use before: 79.8 MB.
System memory in use after: 79.9 MB.

Unloading 18 unused Assets to reduce memory usage. Loaded Objects now: 2159.
Total: 1.812500 ms (FindLiveObjects: 0.179400 ms CreateObjectMapping: 0.046600 ms MarkObjects: 1.570100 ms  DeleteObjects: 0.015200 ms)

========================================================================
Received Prepare
Registering precompiled user dll's ...
Registered in 0.000417 seconds.
Begin MonoManager ReloadAssembly
Native extension for WindowsStandalone target not found
Refreshing native plugins compatible for Editor in 0.45 ms, found 0 plugins.
Preloading 0 native plugins for Editor in 0.00 ms.
Invoked RoslynAnalysisRunner static constructor.
RoslynAnalysisRunner will not be running.
RoslynAnalysisRunner has terminated.
Mono: successfully reloaded assembly
- Completed reload, in  0.719 seconds
Platform modules already initialized, skipping
Refreshing native plugins compatible for Editor in 0.41 ms, found 0 plugins.
Preloading 0 native plugins for Editor in 0.00 ms.
Unloading 1675 Unused Serialized files (Serialized files now loaded: 0)
System memory in use before: 79.8 MB.
System memory in use after: 80.0 MB.

Unloading 18 unused Assets to reduce memory usage. Loaded Objects now: 2162.
Total: 1.788000 ms (FindLiveObjects: 0.197000 ms CreateObjectMapping: 0.041900 ms MarkObjects: 1.534500 ms  DeleteObjects: 0.013600 ms)

========================================================================
Received Prepare
Registering precompiled user dll's ...
Registered in 0.000487 seconds.
Begin MonoManager ReloadAssembly
Native extension for WindowsStandalone target not found
Refreshing native plugins compatible for Editor in 0.43 ms, found 0 plugins.
Preloading 0 native plugins for Editor in 0.00 ms.
Invoked RoslynAnalysisRunner static constructor.
RoslynAnalysisRunner will not be running.
RoslynAnalysisRunner has terminated.
Mono: successfully reloaded assembly
- Completed reload, in  0.729 seconds
Platform modules already initialized, skipping
Refreshing native plugins compatible for Editor in 0.43 ms, found 0 plugins.
Preloading 0 native plugins for Editor in 0.00 ms.
Unloading 1675 Unused Serialized files (Serialized files now loaded: 0)
System memory in use before: 79.8 MB.
System memory in use after: 80.0 MB.

Unloading 18 unused Assets to reduce memory usage. Loaded Objects now: 2165.
Total: 1.788600 ms (FindLiveObjects: 0.199200 ms CreateObjectMapping: 0.044400 ms MarkObjects: 1.530500 ms  DeleteObjects: 0.013400 ms)

========================================================================
Received Import Request.
  Time since last request: 1058.566354 seconds.
  path: Assets/Prefabs/player_bullet.prefab
  artifactKey: Guid(04b9e08f90cdc1240abae18e6250936d) Importer(815301076,1909f56bfc062723c751e8b465ee728b)
Start importing Assets/Prefabs/player_bullet.prefab using Guid(04b9e08f90cdc1240abae18e6250936d) Importer(815301076,1909f56bfc062723c751e8b465ee728b)  -> (artifact id: '4a6284226cc61a9967ca19334211c3d0') in 0.059051 seconds
  Import took 0.061845 seconds .

========================================================================
Received Import Request.
  Time since last request: 6.692819 seconds.
  path: Assets/Prefabs/player_bullet.prefab
  artifactKey: Guid(04b9e08f90cdc1240abae18e6250936d) Importer(815301076,1909f56bfc062723c751e8b465ee728b)
Start importing Assets/Prefabs/player_bullet.prefab using Guid(04b9e08f90cdc1240abae18e6250936d) Importer(815301076,1909f56bfc062723c751e8b465ee728b)  -> (artifact id: 'f97c4a493c533080097ed5ee6cf3740d') in 0.006509 seconds
  Import took 0.019983 seconds .

========================================================================
Received Import Request.
  Time since last request: 0.002953 seconds.
  path: Assets/Prefabs/player_bullet.prefab
  artifactKey: Guid(04b9e08f90cdc1240abae18e6250936d) Importer(815301076,1909f56bfc062723c751e8b465ee728b)
Start importing Assets/Prefabs/player_bullet.prefab using Guid(04b9e08f90cdc1240abae18e6250936d) Importer(815301076,1909f56bfc062723c751e8b465ee728b)  -> (artifact id: 'f97c4a493c533080097ed5ee6cf3740d') in 0.008817 seconds
  Import took 0.020404 seconds .

========================================================================
Received Import Request.
  Time since last request: 4.350952 seconds.
  path: Assets/Prefabs/player_bullet.prefab
  artifactKey: Guid(04b9e08f90cdc1240abae18e6250936d) Importer(815301076,1909f56bfc062723c751e8b465ee728b)
Start importing Assets/Prefabs/player_bullet.prefab using Guid(04b9e08f90cdc1240abae18e6250936d) Importer(815301076,1909f56bfc062723c751e8b465ee728b)  -> (artifact id: '661044353ae06e83118ad126dc506fda') in 0.006808 seconds
  Import took 0.018379 seconds .

========================================================================
Received Import Request.
  Time since last request: 0.004242 seconds.
  path: Assets/Prefabs/player_bullet.prefab
  artifactKey: Guid(04b9e08f90cdc1240abae18e6250936d) Importer(815301076,1909f56bfc062723c751e8b465ee728b)
Start importing Assets/Prefabs/player_bullet.prefab using Guid(04b9e08f90cdc1240abae18e6250936d) Importer(815301076,1909f56bfc062723c751e8b465ee728b)  -> (artifact id: '661044353ae06e83118ad126dc506fda') in 0.008684 seconds
  Import took 0.011030 seconds .

========================================================================
Received Import Request.
  Time since last request: 26.722974 seconds.
  path: Assets/Prefabs/player_bullet.prefab
  artifactKey: Guid(04b9e08f90cdc1240abae18e6250936d) Importer(815301076,1909f56bfc062723c751e8b465ee728b)
Start importing Assets/Prefabs/player_bullet.prefab using Guid(04b9e08f90cdc1240abae18e6250936d) Importer(815301076,1909f56bfc062723c751e8b465ee728b)  -> (artifact id: '920423d8bdb9ae7456e299be67ecb856') in 0.030128 seconds
  Import took 0.033018 seconds .

========================================================================
Received Import Request.
  Time since last request: 21.685797 seconds.
  path: Assets/Prefabs/player_bullet.prefab
  artifactKey: Guid(04b9e08f90cdc1240abae18e6250936d) Importer(815301076,1909f56bfc062723c751e8b465ee728b)
Start importing Assets/Prefabs/player_bullet.prefab using Guid(04b9e08f90cdc1240abae18e6250936d) Importer(815301076,1909f56bfc062723c751e8b465ee728b)  -> (artifact id: '82136785f41a2b5c9067951408df4fa8') in 0.009184 seconds
  Import took 0.017852 seconds .

========================================================================
Received Import Request.
  Time since last request: 0.002222 seconds.
  path: Assets/Prefabs/player_bullet.prefab
  artifactKey: Guid(04b9e08f90cdc1240abae18e6250936d) Importer(815301076,1909f56bfc062723c751e8b465ee728b)
Start importing Assets/Prefabs/player_bullet.prefab using Guid(04b9e08f90cdc1240abae18e6250936d) Importer(815301076,1909f56bfc062723c751e8b465ee728b)  -> (artifact id: '82136785f41a2b5c9067951408df4fa8') in 0.008808 seconds
  Import took 0.011297 seconds .

========================================================================
Received Import Request.
  Time since last request: 4.611233 seconds.
  path: Assets/Prefabs/player_bullet.prefab
  artifactKey: Guid(04b9e08f90cdc1240abae18e6250936d) Importer(815301076,1909f56bfc062723c751e8b465ee728b)
Start importing Assets/Prefabs/player_bullet.prefab using Guid(04b9e08f90cdc1240abae18e6250936d) Importer(815301076,1909f56bfc062723c751e8b465ee728b)  -> (artifact id: '52ccb5e46d251f4d21c7399073313f54') in 0.012272 seconds
  Import took 0.028930 seconds .

========================================================================
Received Import Request.
  Time since last request: 2.298116 seconds.
  path: Assets/Prefabs/player_bullet.prefab
  artifactKey: Guid(04b9e08f90cdc1240abae18e6250936d) Importer(815301076,1909f56bfc062723c751e8b465ee728b)
Start importing Assets/Prefabs/player_bullet.prefab using Guid(04b9e08f90cdc1240abae18e6250936d) Importer(815301076,1909f56bfc062723c751e8b465ee728b)  -> (artifact id: '4aa33e889c39753cd404c8e8acc505a0') in 0.011919 seconds
  Import took 0.020766 seconds .

========================================================================
Received Import Request.
  Time since last request: 0.000250 seconds.
  path: Assets/Prefabs/player_bullet.prefab
  artifactKey: Guid(04b9e08f90cdc1240abae18e6250936d) Importer(815301076,1909f56bfc062723c751e8b465ee728b)
Start importing Assets/Prefabs/player_bullet.prefab using Guid(04b9e08f90cdc1240abae18e6250936d) Importer(815301076,1909f56bfc062723c751e8b465ee728b)  -> (artifact id: '4aa33e889c39753cd404c8e8acc505a0') in 0.008865 seconds
  Import took 0.011369 seconds .

========================================================================
Received Import Request.
  Time since last request: 4.174302 seconds.
  path: Assets/Prefabs/player_bullet.prefab
  artifactKey: Guid(04b9e08f90cdc1240abae18e6250936d) Importer(815301076,1909f56bfc062723c751e8b465ee728b)
Start importing Assets/Prefabs/player_bullet.prefab using Guid(04b9e08f90cdc1240abae18e6250936d) Importer(815301076,1909f56bfc062723c751e8b465ee728b)  -> (artifact id: '83ca8879d38935c1e48e48c8afb1586d') in 0.009267 seconds
  Import took 0.012120 seconds .

========================================================================
Received Import Request.
  Time since last request: 0.011059 seconds.
  path: Assets/Prefabs/player_bullet.prefab
  artifactKey: Guid(04b9e08f90cdc1240abae18e6250936d) Importer(815301076,1909f56bfc062723c751e8b465ee728b)
Start importing Assets/Prefabs/player_bullet.prefab using Guid(04b9e08f90cdc1240abae18e6250936d) Importer(815301076,1909f56bfc062723c751e8b465ee728b)  -> (artifact id: '83ca8879d38935c1e48e48c8afb1586d') in 0.009302 seconds
  Import took 0.021683 seconds .

========================================================================
Received Import Request.
  Time since last request: 6.407549 seconds.
  path: Assets/Prefabs/player_bullet.prefab
  artifactKey: Guid(04b9e08f90cdc1240abae18e6250936d) Importer(815301076,1909f56bfc062723c751e8b465ee728b)
Start importing Assets/Prefabs/player_bullet.prefab using Guid(04b9e08f90cdc1240abae18e6250936d) Importer(815301076,1909f56bfc062723c751e8b465ee728b)  -> (artifact id: '6a2c8a306497bbf1c10e26e333c7e20c') in 0.006591 seconds
  Import took 0.014678 seconds .

========================================================================
Received Import Request.
  Time since last request: 0.005207 seconds.
  path: Assets/Prefabs/player_bullet.prefab
  artifactKey: Guid(04b9e08f90cdc1240abae18e6250936d) Importer(815301076,1909f56bfc062723c751e8b465ee728b)
Start importing Assets/Prefabs/player_bullet.prefab using Guid(04b9e08f90cdc1240abae18e6250936d) Importer(815301076,1909f56bfc062723c751e8b465ee728b)  -> (artifact id: '6a2c8a306497bbf1c10e26e333c7e20c') in 0.008161 seconds
  Import took 0.015765 seconds .

========================================================================
Received Prepare
Registering precompiled user dll's ...
Registered in 0.000461 seconds.
Begin MonoManager ReloadAssembly
Native extension for WindowsStandalone target not found
Refreshing native plugins compatible for Editor in 0.44 ms, found 0 plugins.
Preloading 0 native plugins for Editor in 0.00 ms.
Invoked RoslynAnalysisRunner static constructor.
RoslynAnalysisRunner will not be running.
RoslynAnalysisRunner has terminated.
Mono: successfully reloaded assembly
- Completed reload, in  0.708 seconds
Platform modules already initialized, skipping
Refreshing native plugins compatible for Editor in 0.43 ms, found 0 plugins.
Preloading 0 native plugins for Editor in 0.00 ms.
Unloading 1675 Unused Serialized files (Serialized files now loaded: 0)
System memory in use before: 79.9 MB.
System memory in use after: 80.0 MB.

Unloading 18 unused Assets to reduce memory usage. Loaded Objects now: 2169.
Total: 1.779000 ms (FindLiveObjects: 0.185900 ms CreateObjectMapping: 0.042800 ms MarkObjects: 1.535400 ms  DeleteObjects: 0.014000 ms)

========================================================================
Received Prepare
Registering precompiled user dll's ...
Registered in 0.000499 seconds.
Begin MonoManager ReloadAssembly
Native extension for WindowsStandalone target not found
Refreshing native plugins compatible for Editor in 0.58 ms, found 0 plugins.
Preloading 0 native plugins for Editor in 0.00 ms.
Invoked RoslynAnalysisRunner static constructor.
RoslynAnalysisRunner will not be running.
RoslynAnalysisRunner has terminated.
Mono: successfully reloaded assembly
- Completed reload, in  0.728 seconds
Platform modules already initialized, skipping
Refreshing native plugins compatible for Editor in 0.43 ms, found 0 plugins.
Preloading 0 native plugins for Editor in 0.00 ms.
Unloading 1675 Unused Serialized files (Serialized files now loaded: 0)
System memory in use before: 79.9 MB.
System memory in use after: 80.0 MB.

Unloading 18 unused Assets to reduce memory usage. Loaded Objects now: 2172.
Total: 1.790600 ms (FindLiveObjects: 0.216600 ms CreateObjectMapping: 0.046800 ms MarkObjects: 1.511800 ms  DeleteObjects: 0.013900 ms)

========================================================================
Received Import Request.
  Time since last request: 305.555329 seconds.
  path: Assets/Prefabs/player_bullet.prefab
  artifactKey: Guid(04b9e08f90cdc1240abae18e6250936d) Importer(815301076,1909f56bfc062723c751e8b465ee728b)
Start importing Assets/Prefabs/player_bullet.prefab using Guid(04b9e08f90cdc1240abae18e6250936d) Importer(815301076,1909f56bfc062723c751e8b465ee728b)  -> (artifact id: '64009f9b068dd7fb152e1edabdaca19f') in 0.050358 seconds
  Import took 0.061780 seconds .

========================================================================
Received Prepare
Registering precompiled user dll's ...
Registered in 0.000428 seconds.
Begin MonoManager ReloadAssembly
Native extension for WindowsStandalone target not found
Refreshing native plugins compatible for Editor in 0.43 ms, found 0 plugins.
Preloading 0 native plugins for Editor in 0.00 ms.
Invoked RoslynAnalysisRunner static constructor.
RoslynAnalysisRunner will not be running.
RoslynAnalysisRunner has terminated.
Mono: successfully reloaded assembly
- Completed reload, in  0.710 seconds
Platform modules already initialized, skipping
Refreshing native plugins compatible for Editor in 0.45 ms, found 0 plugins.
Preloading 0 native plugins for Editor in 0.00 ms.
Unloading 1675 Unused Serialized files (Serialized files now loaded: 0)
System memory in use before: 79.9 MB.
System memory in use after: 80.0 MB.

Unloading 18 unused Assets to reduce memory usage. Loaded Objects now: 2176.
Total: 1.779400 ms (FindLiveObjects: 0.190300 ms CreateObjectMapping: 0.042800 ms MarkObjects: 1.533100 ms  DeleteObjects: 0.012400 ms)

========================================================================
Received Prepare
Registering precompiled user dll's ...
Registered in 0.000505 seconds.
Begin MonoManager ReloadAssembly
Native extension for WindowsStandalone target not found
Refreshing native plugins compatible for Editor in 0.44 ms, found 0 plugins.
Preloading 0 native plugins for Editor in 0.00 ms.
Invoked RoslynAnalysisRunner static constructor.
RoslynAnalysisRunner will not be running.
RoslynAnalysisRunner has terminated.
Mono: successfully reloaded assembly
- Completed reload, in  0.710 seconds
Platform modules already initialized, skipping
Refreshing native plugins compatible for Editor in 0.44 ms, found 0 plugins.
Preloading 0 native plugins for Editor in 0.00 ms.
Unloading 1675 Unused Serialized files (Serialized files now loaded: 0)
System memory in use before: 79.9 MB.
System memory in use after: 80.0 MB.

Unloading 18 unused Assets to reduce memory usage. Loaded Objects now: 2179.
Total: 1.808500 ms (FindLiveObjects: 0.179500 ms CreateObjectMapping: 0.046500 ms MarkObjects: 1.568200 ms  DeleteObjects: 0.013200 ms)

========================================================================
Received Import Request.
  Time since last request: 91.021114 seconds.
  path: Assets/Prefabs/player_bullet.prefab
  artifactKey: Guid(04b9e08f90cdc1240abae18e6250936d) Importer(815301076,1909f56bfc062723c751e8b465ee728b)
Start importing Assets/Prefabs/player_bullet.prefab using Guid(04b9e08f90cdc1240abae18e6250936d) Importer(815301076,1909f56bfc062723c751e8b465ee728b)  -> (artifact id: 'f33f6943d7282a0087f2c6b36d59d631') in 0.052661 seconds
  Import took 0.055584 seconds .

========================================================================
Received Prepare
Registering precompiled user dll's ...
Registered in 0.000429 seconds.
Begin MonoManager ReloadAssembly
Native extension for WindowsStandalone target not found
Refreshing native plugins compatible for Editor in 0.44 ms, found 0 plugins.
Preloading 0 native plugins for Editor in 0.00 ms.
Invoked RoslynAnalysisRunner static constructor.
RoslynAnalysisRunner will not be running.
RoslynAnalysisRunner has terminated.
Mono: successfully reloaded assembly
- Completed reload, in  0.706 seconds
Platform modules already initialized, skipping
Refreshing native plugins compatible for Editor in 0.40 ms, found 0 plugins.
Preloading 0 native plugins for Editor in 0.00 ms.
Unloading 1675 Unused Serialized files (Serialized files now loaded: 0)
System memory in use before: 79.9 MB.
System memory in use after: 80.0 MB.

Unloading 18 unused Assets to reduce memory usage. Loaded Objects now: 2183.
Total: 2.027200 ms (FindLiveObjects: 0.193000 ms CreateObjectMapping: 0.044700 ms MarkObjects: 1.775000 ms  DeleteObjects: 0.013600 ms)

========================================================================
Received Import Request.
  Time since last request: 15.259516 seconds.
  path: Assets/Prefabs/player_bullet.prefab
  artifactKey: Guid(04b9e08f90cdc1240abae18e6250936d) Importer(815301076,1909f56bfc062723c751e8b465ee728b)
Start importing Assets/Prefabs/player_bullet.prefab using Guid(04b9e08f90cdc1240abae18e6250936d) Importer(815301076,1909f56bfc062723c751e8b465ee728b)  -> (artifact id: '0b3108deca10f7fb5837d6e54d72ca78') in 0.051038 seconds
  Import took 0.053838 seconds .

========================================================================
Received Import Request.
  Time since last request: 49.418478 seconds.
  path: Assets/Prefabs/player_bullet.prefab
  artifactKey: Guid(04b9e08f90cdc1240abae18e6250936d) Importer(815301076,1909f56bfc062723c751e8b465ee728b)
Start importing Assets/Prefabs/player_bullet.prefab using Guid(04b9e08f90cdc1240abae18e6250936d) Importer(815301076,1909f56bfc062723c751e8b465ee728b)  -> (artifact id: '4a4e6849def524a6a0e4d4e5e5b15e4c') in 0.006585 seconds
  Import took 0.009317 seconds .

========================================================================
Received Import Request.
  Time since last request: 0.007903 seconds.
  path: Assets/Prefabs/player_bullet.prefab
  artifactKey: Guid(04b9e08f90cdc1240abae18e6250936d) Importer(815301076,1909f56bfc062723c751e8b465ee728b)
Start importing Assets/Prefabs/player_bullet.prefab using Guid(04b9e08f90cdc1240abae18e6250936d) Importer(815301076,1909f56bfc062723c751e8b465ee728b)  -> (artifact id: '4a4e6849def524a6a0e4d4e5e5b15e4c') in 0.007755 seconds
  Import took 0.010195 seconds .

========================================================================
Received Prepare
Registering precompiled user dll's ...
Registered in 0.000528 seconds.
Begin MonoManager ReloadAssembly
Native extension for WindowsStandalone target not found
Refreshing native plugins compatible for Editor in 0.43 ms, found 0 plugins.
Preloading 0 native plugins for Editor in 0.00 ms.
Invoked RoslynAnalysisRunner static constructor.
RoslynAnalysisRunner will not be running.
RoslynAnalysisRunner has terminated.
Mono: successfully reloaded assembly
- Completed reload, in  0.718 seconds
Platform modules already initialized, skipping
Refreshing native plugins compatible for Editor in 0.43 ms, found 0 plugins.
Preloading 0 native plugins for Editor in 0.00 ms.
Unloading 1675 Unused Serialized files (Serialized files now loaded: 0)
System memory in use before: 79.9 MB.
System memory in use after: 80.0 MB.

Unloading 18 unused Assets to reduce memory usage. Loaded Objects now: 2187.
Total: 1.874500 ms (FindLiveObjects: 0.181500 ms CreateObjectMapping: 0.038300 ms MarkObjects: 1.638700 ms  DeleteObjects: 0.015100 ms)

========================================================================
Received Prepare
Registering precompiled user dll's ...
Registered in 0.000595 seconds.
Begin MonoManager ReloadAssembly
Native extension for WindowsStandalone target not found
Refreshing native plugins compatible for Editor in 0.43 ms, found 0 plugins.
Preloading 0 native plugins for Editor in 0.00 ms.
Invoked RoslynAnalysisRunner static constructor.
RoslynAnalysisRunner will not be running.
RoslynAnalysisRunner has terminated.
Mono: successfully reloaded assembly
- Completed reload, in  0.711 seconds
Platform modules already initialized, skipping
Refreshing native plugins compatible for Editor in 0.46 ms, found 0 plugins.
Preloading 0 native plugins for Editor in 0.00 ms.
Unloading 1675 Unused Serialized files (Serialized files now loaded: 0)
System memory in use before: 79.9 MB.
System memory in use after: 80.1 MB.

Unloading 18 unused Assets to reduce memory usage. Loaded Objects now: 2190.
Total: 1.851700 ms (FindLiveObjects: 0.180200 ms CreateObjectMapping: 0.042900 ms MarkObjects: 1.613600 ms  DeleteObjects: 0.013800 ms)

========================================================================
Received Import Request.
  Time since last request: 94.698449 seconds.
  path: Assets/Prefabs/enemy_bullet.prefab
  artifactKey: Guid(09b53e221cf034147a934ccc852aae04) Importer(815301076,1909f56bfc062723c751e8b465ee728b)
Start importing Assets/Prefabs/enemy_bullet.prefab using Guid(09b53e221cf034147a934ccc852aae04) Importer(815301076,1909f56bfc062723c751e8b465ee728b)  -> (artifact id: '901436afff451481100c6f8a81849710') in 0.052079 seconds
  Import took 0.054773 seconds .

========================================================================
Received Prepare
Registering precompiled user dll's ...
Registered in 0.000411 seconds.
Begin MonoManager ReloadAssembly
Native extension for WindowsStandalone target not found
Refreshing native plugins compatible for Editor in 0.43 ms, found 0 plugins.
Preloading 0 native plugins for Editor in 0.00 ms.
Invoked RoslynAnalysisRunner static constructor.
RoslynAnalysisRunner will not be running.
RoslynAnalysisRunner has terminated.
Mono: successfully reloaded assembly
- Completed reload, in  0.710 seconds
Platform modules already initialized, skipping
Refreshing native plugins compatible for Editor in 0.43 ms, found 0 plugins.
Preloading 0 native plugins for Editor in 0.00 ms.
Unloading 1675 Unused Serialized files (Serialized files now loaded: 0)
System memory in use before: 80.0 MB.
System memory in use after: 80.1 MB.

Unloading 18 unused Assets to reduce memory usage. Loaded Objects now: 2194.
Total: 1.912900 ms (FindLiveObjects: 0.207300 ms CreateObjectMapping: 0.039600 ms MarkObjects: 1.647300 ms  DeleteObjects: 0.017500 ms)

========================================================================
Received Import Request.
  Time since last request: 98.208509 seconds.
  path: Assets/Prefabs/player_bullet.prefab
  artifactKey: Guid(04b9e08f90cdc1240abae18e6250936d) Importer(815301076,1909f56bfc062723c751e8b465ee728b)
Start importing Assets/Prefabs/player_bullet.prefab using Guid(04b9e08f90cdc1240abae18e6250936d) Importer(815301076,1909f56bfc062723c751e8b465ee728b)  -> (artifact id: '0a52d9e3f1695c7c98f645a1cb6fa9da') in 0.054799 seconds
  Import took 0.061353 seconds .

========================================================================
Received Import Request.
  Time since last request: 0.688656 seconds.
  path: Assets/Prefabs/player_bullet.prefab
  artifactKey: Guid(04b9e08f90cdc1240abae18e6250936d) Importer(815301076,1909f56bfc062723c751e8b465ee728b)
Start importing Assets/Prefabs/player_bullet.prefab using Guid(04b9e08f90cdc1240abae18e6250936d) Importer(815301076,1909f56bfc062723c751e8b465ee728b)  -> (artifact id: '0ead1893075067d1a23ed6070fa0634b') in 0.014438 seconds
  Import took 0.032047 seconds .

========================================================================
Received Import Request.
  Time since last request: 0.962587 seconds.
  path: Assets/Prefabs/player_bullet.prefab
  artifactKey: Guid(04b9e08f90cdc1240abae18e6250936d) Importer(815301076,1909f56bfc062723c751e8b465ee728b)
Start importing Assets/Prefabs/player_bullet.prefab using Guid(04b9e08f90cdc1240abae18e6250936d) Importer(815301076,1909f56bfc062723c751e8b465ee728b)  -> (artifact id: '1c2ce4c96aebc220a93d75a9cb0a8046') in 0.009409 seconds
  Import took 0.012124 seconds .

========================================================================
Received Import Request.
  Time since last request: 0.007016 seconds.
  path: Assets/Prefabs/player_bullet.prefab
  artifactKey: Guid(04b9e08f90cdc1240abae18e6250936d) Importer(815301076,1909f56bfc062723c751e8b465ee728b)
Start importing Assets/Prefabs/player_bullet.prefab using Guid(04b9e08f90cdc1240abae18e6250936d) Importer(815301076,1909f56bfc062723c751e8b465ee728b)  -> (artifact id: '1c2ce4c96aebc220a93d75a9cb0a8046') in 0.008421 seconds
  Import took 0.010994 seconds .

========================================================================
Received Prepare
Registering precompiled user dll's ...
Registered in 0.000391 seconds.
Begin MonoManager ReloadAssembly
Native extension for WindowsStandalone target not found
Refreshing native plugins compatible for Editor in 0.44 ms, found 0 plugins.
Preloading 0 native plugins for Editor in 0.00 ms.
Invoked RoslynAnalysisRunner static constructor.
RoslynAnalysisRunner will not be running.
RoslynAnalysisRunner has terminated.
Mono: successfully reloaded assembly
- Completed reload, in  0.736 seconds
Platform modules already initialized, skipping
Refreshing native plugins compatible for Editor in 0.43 ms, found 0 plugins.
Preloading 0 native plugins for Editor in 0.00 ms.
Unloading 1675 Unused Serialized files (Serialized files now loaded: 0)
System memory in use before: 80.0 MB.
System memory in use after: 80.1 MB.

Unloading 18 unused Assets to reduce memory usage. Loaded Objects now: 2198.
Total: 1.795700 ms (FindLiveObjects: 0.184200 ms CreateObjectMapping: 0.042600 ms MarkObjects: 1.553200 ms  DeleteObjects: 0.014500 ms)

========================================================================
Received Prepare
Registering precompiled user dll's ...
Registered in 0.000412 seconds.
Begin MonoManager ReloadAssembly
Native extension for WindowsStandalone target not found
Refreshing native plugins compatible for Editor in 0.44 ms, found 0 plugins.
Preloading 0 native plugins for Editor in 0.00 ms.
Invoked RoslynAnalysisRunner static constructor.
RoslynAnalysisRunner will not be running.
RoslynAnalysisRunner has terminated.
Mono: successfully reloaded assembly
- Completed reload, in  0.711 seconds
Platform modules already initialized, skipping
Refreshing native plugins compatible for Editor in 0.38 ms, found 0 plugins.
Preloading 0 native plugins for Editor in 0.00 ms.
Unloading 1675 Unused Serialized files (Serialized files now loaded: 0)
System memory in use before: 80.0 MB.
System memory in use after: 80.1 MB.

Unloading 18 unused Assets to reduce memory usage. Loaded Objects now: 2201.
Total: 1.764400 ms (FindLiveObjects: 0.174800 ms CreateObjectMapping: 0.042400 ms MarkObjects: 1.533000 ms  DeleteObjects: 0.013100 ms)

========================================================================
Received Prepare
Registering precompiled user dll's ...
Registered in 0.000385 seconds.
Begin MonoManager ReloadAssembly
Native extension for WindowsStandalone target not found
Refreshing native plugins compatible for Editor in 0.44 ms, found 0 plugins.
Preloading 0 native plugins for Editor in 0.00 ms.
Invoked RoslynAnalysisRunner static constructor.
RoslynAnalysisRunner will not be running.
RoslynAnalysisRunner has terminated.
Mono: successfully reloaded assembly
- Completed reload, in  0.724 seconds
Platform modules already initialized, skipping
Refreshing native plugins compatible for Editor in 0.38 ms, found 0 plugins.
Preloading 0 native plugins for Editor in 0.00 ms.
Unloading 1675 Unused Serialized files (Serialized files now loaded: 0)
System memory in use before: 80.0 MB.
System memory in use after: 80.1 MB.

Unloading 18 unused Assets to reduce memory usage. Loaded Objects now: 2204.
Total: 1.839900 ms (FindLiveObjects: 0.197700 ms CreateObjectMapping: 0.046000 ms MarkObjects: 1.579600 ms  DeleteObjects: 0.015000 ms)

========================================================================
Received Prepare
Registering precompiled user dll's ...
Registered in 0.000387 seconds.
Begin MonoManager ReloadAssembly
Native extension for WindowsStandalone target not found
Refreshing native plugins compatible for Editor in 0.44 ms, found 0 plugins.
Preloading 0 native plugins for Editor in 0.00 ms.
Invoked RoslynAnalysisRunner static constructor.
RoslynAnalysisRunner will not be running.
RoslynAnalysisRunner has terminated.
Mono: successfully reloaded assembly
- Completed reload, in  0.709 seconds
Platform modules already initialized, skipping
Refreshing native plugins compatible for Editor in 0.39 ms, found 0 plugins.
Preloading 0 native plugins for Editor in 0.00 ms.
Unloading 1675 Unused Serialized files (Serialized files now loaded: 0)
System memory in use before: 80.0 MB.
System memory in use after: 80.1 MB.

Unloading 18 unused Assets to reduce memory usage. Loaded Objects now: 2207.
Total: 1.807100 ms (FindLiveObjects: 0.185300 ms CreateObjectMapping: 0.043600 ms MarkObjects: 1.562100 ms  DeleteObjects: 0.014700 ms)

========================================================================
Received Prepare
Registering precompiled user dll's ...
Registered in 0.000427 seconds.
Begin MonoManager ReloadAssembly
Native extension for WindowsStandalone target not found
Refreshing native plugins compatible for Editor in 0.44 ms, found 0 plugins.
Preloading 0 native plugins for Editor in 0.00 ms.
Invoked RoslynAnalysisRunner static constructor.
RoslynAnalysisRunner will not be running.
RoslynAnalysisRunner has terminated.
Mono: successfully reloaded assembly
- Completed reload, in  0.718 seconds
Platform modules already initialized, skipping
Refreshing native plugins compatible for Editor in 0.42 ms, found 0 plugins.
Preloading 0 native plugins for Editor in 0.00 ms.
Unloading 1675 Unused Serialized files (Serialized files now loaded: 0)
System memory in use before: 80.0 MB.
System memory in use after: 80.1 MB.

Unloading 18 unused Assets to reduce memory usage. Loaded Objects now: 2210.
Total: 1.791100 ms (FindLiveObjects: 0.194800 ms CreateObjectMapping: 0.045300 ms MarkObjects: 1.534800 ms  DeleteObjects: 0.014400 ms)

AssetImportWorkerClient::OnTransportError - code=2 error=End of file
