Using pre-set license
Built from '2020.3/release' branch; Version is '2020.3.2f1 (8fd9074bf66c) revision 9427207'; Using compiler version '192528614'; Build Type 'Release'
OS: 'Windows 10 Pro; OS build 19043.1110; Version 2009; 64bit' Language: 'ru' Physical Memory: 16320 MB
BatchMode: 1, IsHumanControllingUs: 0, StartBugReporterOnCrash: 0, Is64bit: 1, IsPro: 0

 COMMAND LINE ARGUMENTS:
C:\Program Files\Unity\Hub\Editor\2020.3.2f1\Editor\Unity.exe
-adb2
-batchMode
-noUpm
-name
AssetImportWorker1
-projectPath
D:/Unity Projects/GitHub/Retro Style Games Technical Task
-logFile
Logs/AssetImportWorker1.log
-srvPort
52180
Successfully changed project path to: D:/Unity Projects/GitHub/Retro Style Games Technical Task
D:/Unity Projects/GitHub/Retro Style Games Technical Task
Using Asset Import Pipeline V2.
Refreshing native plugins compatible for Editor in 31.07 ms, found 0 plugins.
Preloading 0 native plugins for Editor in 0.00 ms.
Initialize engine version: 2020.3.2f1 (8fd9074bf66c)
[Subsystems] Discovering subsystems at path C:/Program Files/Unity/Hub/Editor/2020.3.2f1/Editor/Data/Resources/UnitySubsystems
[Subsystems] Discovering subsystems at path D:/Unity Projects/GitHub/Retro Style Games Technical Task/Assets
GfxDevice: creating device client; threaded=0
Direct3D:
    Version:  Direct3D 11.0 [level 11.1]
    Renderer: Radeon RX 590 Series (ID=0x67df)
    Vendor:   
    VRAM:     8171 MB
    Driver:   27.20.22001.16006
Initialize mono
Mono path[0] = 'C:/Program Files/Unity/Hub/Editor/2020.3.2f1/Editor/Data/Managed'
Mono path[1] = 'C:/Program Files/Unity/Hub/Editor/2020.3.2f1/Editor/Data/MonoBleedingEdge/lib/mono/unityjit'
Mono config path = 'C:/Program Files/Unity/Hub/Editor/2020.3.2f1/Editor/Data/MonoBleedingEdge/etc'
Using monoOptions --debugger-agent=transport=dt_socket,embedding=1,server=y,suspend=n,address=127.0.0.1:56312
Begin MonoManager ReloadAssembly
Registering precompiled unity dll's ...
Register platform support module: C:/Program Files/Unity/Hub/Editor/2020.3.2f1/Editor/Data/PlaybackEngines/WindowsStandaloneSupport/UnityEditor.WindowsStandalone.Extensions.dll
Registered in 0.001831 seconds.
Native extension for WindowsStandalone target not found
Refreshing native plugins compatible for Editor in 34.63 ms, found 0 plugins.
Preloading 0 native plugins for Editor in 0.00 ms.
Invoked RoslynAnalysisRunner static constructor.
RoslynAnalysisRunner will not be running.
RoslynAnalysisRunner has terminated.
Mono: successfully reloaded assembly
- Completed reload, in  2.257 seconds
Platform modules already initialized, skipping
Registering precompiled user dll's ...
Registered in 0.000613 seconds.
Begin MonoManager ReloadAssembly
Native extension for WindowsStandalone target not found
Refreshing native plugins compatible for Editor in 30.52 ms, found 0 plugins.
Preloading 0 native plugins for Editor in 0.00 ms.
Invoked RoslynAnalysisRunner static constructor.
RoslynAnalysisRunner will not be running.
RoslynAnalysisRunner has terminated.
Mono: successfully reloaded assembly
- Completed reload, in  0.818 seconds
Platform modules already initialized, skipping
========================================================================
Worker process is ready to serve import requests
Launched and connected shader compiler UnityShaderCompiler.exe after 0.04 seconds
Refreshing native plugins compatible for Editor in 0.46 ms, found 0 plugins.
Preloading 0 native plugins for Editor in 0.00 ms.
Unloading 1733 Unused Serialized files (Serialized files now loaded: 0)
System memory in use before: 80.1 MB.
System memory in use after: 80.2 MB.

Unloading 25 unused Assets to reduce memory usage. Loaded Objects now: 2165.
Total: 1.890800 ms (FindLiveObjects: 0.245400 ms CreateObjectMapping: 0.051800 ms MarkObjects: 1.514800 ms  DeleteObjects: 0.077800 ms)

========================================================================
Received Import Request.
  path: Assets/Resources/Data/BulletDataSO.asset
  artifactKey: Guid(ff99917f1eeca944fa148024c835c91e) Importer(815301076,1909f56bfc062723c751e8b465ee728b)
Start importing Assets/Resources/Data/BulletDataSO.asset using Guid(ff99917f1eeca944fa148024c835c91e) Importer(815301076,1909f56bfc062723c751e8b465ee728b)  -> (artifact id: 'a873e3c483d62e720e1fd6aae91a8b42') in 0.029846 seconds
  Import took 0.038150 seconds .

========================================================================
Received Import Request.
  Time since last request: 1.189370 seconds.
  path: Assets/Resources/Data/BulletDataSO.asset
  artifactKey: Guid(ff99917f1eeca944fa148024c835c91e) Importer(815301076,1909f56bfc062723c751e8b465ee728b)
Start importing Assets/Resources/Data/BulletDataSO.asset using Guid(ff99917f1eeca944fa148024c835c91e) Importer(815301076,1909f56bfc062723c751e8b465ee728b)  -> (artifact id: '25df2935e0151426ea40915a1ac33087') in 0.002027 seconds
  Import took 0.004673 seconds .

========================================================================
Received Import Request.
  Time since last request: 0.005467 seconds.
  path: Assets/Resources/Data/BulletDataSO.asset
  artifactKey: Guid(ff99917f1eeca944fa148024c835c91e) Importer(815301076,1909f56bfc062723c751e8b465ee728b)
Start importing Assets/Resources/Data/BulletDataSO.asset using Guid(ff99917f1eeca944fa148024c835c91e) Importer(815301076,1909f56bfc062723c751e8b465ee728b)  -> (artifact id: '25df2935e0151426ea40915a1ac33087') in 0.001811 seconds
  Import took 0.004410 seconds .

========================================================================
Received Prepare
Registering precompiled user dll's ...
Registered in 0.000497 seconds.
Begin MonoManager ReloadAssembly
Native extension for WindowsStandalone target not found
Refreshing native plugins compatible for Editor in 0.46 ms, found 0 plugins.
Preloading 0 native plugins for Editor in 0.00 ms.
Invoked RoslynAnalysisRunner static constructor.
RoslynAnalysisRunner will not be running.
RoslynAnalysisRunner has terminated.
Mono: successfully reloaded assembly
- Completed reload, in  0.752 seconds
Platform modules already initialized, skipping
Refreshing native plugins compatible for Editor in 0.43 ms, found 0 plugins.
Preloading 0 native plugins for Editor in 0.00 ms.
Unloading 1711 Unused Serialized files (Serialized files now loaded: 0)
System memory in use before: 78.6 MB.
System memory in use after: 78.7 MB.

Unloading 18 unused Assets to reduce memory usage. Loaded Objects now: 2168.
Total: 1.826400 ms (FindLiveObjects: 0.181000 ms CreateObjectMapping: 0.043300 ms MarkObjects: 1.586400 ms  DeleteObjects: 0.014700 ms)

========================================================================
Received Prepare
Registering precompiled user dll's ...
Registered in 0.000432 seconds.
Begin MonoManager ReloadAssembly
Native extension for WindowsStandalone target not found
Refreshing native plugins compatible for Editor in 0.45 ms, found 0 plugins.
Preloading 0 native plugins for Editor in 0.00 ms.
Invoked RoslynAnalysisRunner static constructor.
RoslynAnalysisRunner will not be running.
RoslynAnalysisRunner has terminated.
Mono: successfully reloaded assembly
- Completed reload, in  0.723 seconds
Platform modules already initialized, skipping
Refreshing native plugins compatible for Editor in 0.44 ms, found 0 plugins.
Preloading 0 native plugins for Editor in 0.00 ms.
Unloading 1711 Unused Serialized files (Serialized files now loaded: 0)
System memory in use before: 78.6 MB.
System memory in use after: 78.8 MB.

Unloading 18 unused Assets to reduce memory usage. Loaded Objects now: 2171.
Total: 1.847500 ms (FindLiveObjects: 0.197700 ms CreateObjectMapping: 0.047500 ms MarkObjects: 1.587600 ms  DeleteObjects: 0.013600 ms)

========================================================================
Received Import Request.
  Time since last request: 95.344072 seconds.
  path: Assets/Prefabs/Player.prefab
  artifactKey: Guid(b31c056dd3f09a944b509ceda2a22e1f) Importer(815301076,1909f56bfc062723c751e8b465ee728b)
Start importing Assets/Prefabs/Player.prefab using Guid(b31c056dd3f09a944b509ceda2a22e1f) Importer(815301076,1909f56bfc062723c751e8b465ee728b)  -> (artifact id: 'e9f34d622825b6836cfc561fcdf87bf6') in 0.097163 seconds
  Import took 0.111640 seconds .

========================================================================
Received Prepare
Registering precompiled user dll's ...
Registered in 0.000552 seconds.
Begin MonoManager ReloadAssembly
Native extension for WindowsStandalone target not found
Refreshing native plugins compatible for Editor in 0.44 ms, found 0 plugins.
Preloading 0 native plugins for Editor in 0.00 ms.
Invoked RoslynAnalysisRunner static constructor.
RoslynAnalysisRunner will not be running.
RoslynAnalysisRunner has terminated.
Mono: successfully reloaded assembly
- Completed reload, in  0.736 seconds
Platform modules already initialized, skipping
Refreshing native plugins compatible for Editor in 0.40 ms, found 0 plugins.
Preloading 0 native plugins for Editor in 0.00 ms.
Unloading 1711 Unused Serialized files (Serialized files now loaded: 0)
System memory in use before: 81.8 MB.
System memory in use after: 81.9 MB.

Unloading 19 unused Assets to reduce memory usage. Loaded Objects now: 2182.
Total: 1.750200 ms (FindLiveObjects: 0.175500 ms CreateObjectMapping: 0.040500 ms MarkObjects: 1.514000 ms  DeleteObjects: 0.019100 ms)

========================================================================
Received Import Request.
  Time since last request: 82.432799 seconds.
  path: Assets/Prefabs/enemy_red.prefab
  artifactKey: Guid(418f8a49f5c4445459313a22f8c2fa82) Importer(815301076,1909f56bfc062723c751e8b465ee728b)
Start importing Assets/Prefabs/enemy_red.prefab using Guid(418f8a49f5c4445459313a22f8c2fa82) Importer(815301076,1909f56bfc062723c751e8b465ee728b)  -> (artifact id: '13fd419480409ef5275aad1c77e221e2') in 0.058283 seconds
  Import took 0.061028 seconds .

========================================================================
Received Import Request.
  Time since last request: 65.412899 seconds.
  path: Assets/Prefabs/enemy_red.prefab
  artifactKey: Guid(418f8a49f5c4445459313a22f8c2fa82) Importer(815301076,1909f56bfc062723c751e8b465ee728b)
Start importing Assets/Prefabs/enemy_red.prefab using Guid(418f8a49f5c4445459313a22f8c2fa82) Importer(815301076,1909f56bfc062723c751e8b465ee728b)  -> (artifact id: '039ef4f88808a26b82cfa29d4b84ca46') in 0.006877 seconds
  Import took 0.009758 seconds .

========================================================================
Received Prepare
Registering precompiled user dll's ...
Registered in 0.000538 seconds.
Begin MonoManager ReloadAssembly
Native extension for WindowsStandalone target not found
Refreshing native plugins compatible for Editor in 0.44 ms, found 0 plugins.
Preloading 0 native plugins for Editor in 0.00 ms.
Invoked RoslynAnalysisRunner static constructor.
RoslynAnalysisRunner will not be running.
RoslynAnalysisRunner has terminated.
Mono: successfully reloaded assembly
- Completed reload, in  0.736 seconds
Platform modules already initialized, skipping
Refreshing native plugins compatible for Editor in 0.43 ms, found 0 plugins.
Preloading 0 native plugins for Editor in 0.00 ms.
Unloading 1711 Unused Serialized files (Serialized files now loaded: 0)
System memory in use before: 81.8 MB.
System memory in use after: 82.0 MB.

Unloading 19 unused Assets to reduce memory usage. Loaded Objects now: 2186.
Total: 1.791400 ms (FindLiveObjects: 0.168200 ms CreateObjectMapping: 0.043800 ms MarkObjects: 1.557700 ms  DeleteObjects: 0.020500 ms)

========================================================================
Received Import Request.
  Time since last request: 526.735080 seconds.
  path: Assets/Prefabs/enemy_red.prefab
  artifactKey: Guid(418f8a49f5c4445459313a22f8c2fa82) Importer(815301076,1909f56bfc062723c751e8b465ee728b)
Start importing Assets/Prefabs/enemy_red.prefab using Guid(418f8a49f5c4445459313a22f8c2fa82) Importer(815301076,1909f56bfc062723c751e8b465ee728b)  -> (artifact id: 'efa12e3b68910ab039b45a08c539d56a') in 0.057018 seconds
  Import took 0.059712 seconds .

========================================================================
Received Import Request.
  Time since last request: 0.000193 seconds.
  path: Assets/Prefabs/enemy_blue.prefab
  artifactKey: Guid(7dbf6f547d486974db6afc1c537102bb) Importer(815301076,1909f56bfc062723c751e8b465ee728b)
Start importing Assets/Prefabs/enemy_blue.prefab using Guid(7dbf6f547d486974db6afc1c537102bb) Importer(815301076,1909f56bfc062723c751e8b465ee728b)  -> (artifact id: '5fdc292778f3baebb21bfccf4742f759') in 0.012980 seconds
  Import took 0.015802 seconds .

========================================================================
Received Import Request.
  Time since last request: 14.855939 seconds.
  path: Assets/Prefabs/enemy_blue.prefab
  artifactKey: Guid(7dbf6f547d486974db6afc1c537102bb) Importer(815301076,1909f56bfc062723c751e8b465ee728b)
Start importing Assets/Prefabs/enemy_blue.prefab using Guid(7dbf6f547d486974db6afc1c537102bb) Importer(815301076,1909f56bfc062723c751e8b465ee728b)  -> (artifact id: '4f3d80abc4ef56b5359a4642c5f56c43') in 0.012197 seconds
  Import took 0.015079 seconds .

========================================================================
Received Prepare
Registering precompiled user dll's ...
Registered in 0.000532 seconds.
Begin MonoManager ReloadAssembly
Native extension for WindowsStandalone target not found
Refreshing native plugins compatible for Editor in 0.45 ms, found 0 plugins.
Preloading 0 native plugins for Editor in 0.00 ms.
Invoked RoslynAnalysisRunner static constructor.
RoslynAnalysisRunner will not be running.
RoslynAnalysisRunner has terminated.
Mono: successfully reloaded assembly
- Completed reload, in  0.748 seconds
Platform modules already initialized, skipping
Refreshing native plugins compatible for Editor in 0.44 ms, found 0 plugins.
Preloading 0 native plugins for Editor in 0.00 ms.
Unloading 1711 Unused Serialized files (Serialized files now loaded: 0)
System memory in use before: 81.9 MB.
System memory in use after: 82.0 MB.

Unloading 19 unused Assets to reduce memory usage. Loaded Objects now: 2191.
Total: 1.842400 ms (FindLiveObjects: 0.179900 ms CreateObjectMapping: 0.044200 ms MarkObjects: 1.598300 ms  DeleteObjects: 0.019100 ms)

========================================================================
Received Import Request.
  Time since last request: 508.813871 seconds.
  path: Assets/Prefabs/Player.prefab
  artifactKey: Guid(b31c056dd3f09a944b509ceda2a22e1f) Importer(815301076,1909f56bfc062723c751e8b465ee728b)
Start importing Assets/Prefabs/Player.prefab using Guid(b31c056dd3f09a944b509ceda2a22e1f) Importer(815301076,1909f56bfc062723c751e8b465ee728b)  -> (artifact id: '58d91c8d4ecd9720f1b0988bb2374c36') in 0.071333 seconds
  Import took 0.074279 seconds .

========================================================================
Received Import Request.
  Time since last request: 7.744116 seconds.
  path: Assets/Prefabs/enemy_blue.prefab
  artifactKey: Guid(7dbf6f547d486974db6afc1c537102bb) Importer(815301076,1909f56bfc062723c751e8b465ee728b)
Start importing Assets/Prefabs/enemy_blue.prefab using Guid(7dbf6f547d486974db6afc1c537102bb) Importer(815301076,1909f56bfc062723c751e8b465ee728b)  -> (artifact id: '6c49aee053e0a2434eac3f369202075d') in 0.008352 seconds
  Import took 0.011298 seconds .

========================================================================
Received Import Request.
  Time since last request: 0.015164 seconds.
  path: Assets/Prefabs/enemy_blue.prefab
  artifactKey: Guid(7dbf6f547d486974db6afc1c537102bb) Importer(815301076,1909f56bfc062723c751e8b465ee728b)
Start importing Assets/Prefabs/enemy_blue.prefab using Guid(7dbf6f547d486974db6afc1c537102bb) Importer(815301076,1909f56bfc062723c751e8b465ee728b)  -> (artifact id: '6c49aee053e0a2434eac3f369202075d') in 0.006734 seconds
  Import took 0.009282 seconds .

========================================================================
Received Import Request.
  Time since last request: 7.156951 seconds.
  path: Assets/TextMesh Pro/Examples & Extras/Fonts/Anton.ttf
  artifactKey: Guid(997a43b767814dd0a7642ec9b78cba41) Importer(815301076,1909f56bfc062723c751e8b465ee728b)
Start importing Assets/TextMesh Pro/Examples & Extras/Fonts/Anton.ttf using Guid(997a43b767814dd0a7642ec9b78cba41) Importer(815301076,1909f56bfc062723c751e8b465ee728b)  -> (artifact id: '2a5fb9e2cd5eb96e843a1dbcd38adfda') in 0.051010 seconds
  Import took 0.053915 seconds .

========================================================================
Received Import Request.
  Time since last request: 0.000187 seconds.
  path: Assets/TextMesh Pro/Examples & Extras/Resources/Fonts & Materials/Anton SDF.asset
  artifactKey: Guid(8a89fa14b10d46a99122fd4f73fca9a2) Importer(815301076,1909f56bfc062723c751e8b465ee728b)
Start importing Assets/TextMesh Pro/Examples & Extras/Resources/Fonts & Materials/Anton SDF.asset using Guid(8a89fa14b10d46a99122fd4f73fca9a2) Importer(815301076,1909f56bfc062723c751e8b465ee728b)  -> (artifact id: '7257a87f908b203510a9fd8614282b14') in 0.028286 seconds
  Import took 0.031093 seconds .

========================================================================
Received Import Request.
  Time since last request: 0.000171 seconds.
  path: Assets/TextMesh Pro/Examples & Extras/Resources/Fonts & Materials/Anton SDF - Drop Shadow.mat
  artifactKey: Guid(749b9069dc4742c5bfa5c74644049926) Importer(815301076,1909f56bfc062723c751e8b465ee728b)
Start importing Assets/TextMesh Pro/Examples & Extras/Resources/Fonts & Materials/Anton SDF - Drop Shadow.mat using Guid(749b9069dc4742c5bfa5c74644049926) Importer(815301076,1909f56bfc062723c751e8b465ee728b)  -> (artifact id: '7ddea11a2dd408449a779efc8e27b65e') in 0.014870 seconds
  Import took 0.017274 seconds .

========================================================================
Received Import Request.
  Time since last request: 0.000166 seconds.
  path: Assets/TextMesh Pro/Examples & Extras/Textures/Brushed Metal 3.jpg
  artifactKey: Guid(f88677df267a41d6be1e7a6133e7d227) Importer(815301076,1909f56bfc062723c751e8b465ee728b)
Start importing Assets/TextMesh Pro/Examples & Extras/Textures/Brushed Metal 3.jpg using Guid(f88677df267a41d6be1e7a6133e7d227) Importer(815301076,1909f56bfc062723c751e8b465ee728b)  -> (artifact id: '7baa11cfee93d0abe495a61bd38a83e0') in 0.035629 seconds
  Import took 0.037990 seconds .

========================================================================
Received Import Request.
  Time since last request: 0.000218 seconds.
  path: Assets/TextMesh Pro/Examples & Extras/Resources/Fonts & Materials/Bangers SDF - Outline.mat
  artifactKey: Guid(f629c6e43dba4bf38cb74d8860150664) Importer(815301076,1909f56bfc062723c751e8b465ee728b)
Start importing Assets/TextMesh Pro/Examples & Extras/Resources/Fonts & Materials/Bangers SDF - Outline.mat using Guid(f629c6e43dba4bf38cb74d8860150664) Importer(815301076,1909f56bfc062723c751e8b465ee728b)  -> (artifact id: 'a2e00285e65d9bc8b3328f8cb11f55ed') in 0.010215 seconds
  Import took 0.012865 seconds .

========================================================================
Received Import Request.
  Time since last request: 0.000170 seconds.
  path: Assets/TextMesh Pro/Examples & Extras/Resources/Fonts & Materials/Anton SDF - Sunny Days.mat
  artifactKey: Guid(6522f30e342599e4e9dd4cc2cc03c830) Importer(815301076,1909f56bfc062723c751e8b465ee728b)
Start importing Assets/TextMesh Pro/Examples & Extras/Resources/Fonts & Materials/Anton SDF - Sunny Days.mat using Guid(6522f30e342599e4e9dd4cc2cc03c830) Importer(815301076,1909f56bfc062723c751e8b465ee728b)  -> (artifact id: '182218fb9a42d1931643e57fab38f6e7') in 0.096628 seconds
  Import took 0.099135 seconds .

========================================================================
Received Import Request.
  Time since last request: 0.000179 seconds.
  path: Assets/TextMesh Pro/Examples & Extras/Resources/Fonts & Materials/Bangers SDF.asset
  artifactKey: Guid(125cb55b44b24c4393181402bc6200e6) Importer(815301076,1909f56bfc062723c751e8b465ee728b)
Start importing Assets/TextMesh Pro/Examples & Extras/Resources/Fonts & Materials/Bangers SDF.asset using Guid(125cb55b44b24c4393181402bc6200e6) Importer(815301076,1909f56bfc062723c751e8b465ee728b)  -> (artifact id: 'fee7bc170e1004b8f8557fb42ecde8f2') in 0.013242 seconds
  Import took 0.015650 seconds .

========================================================================
Received Import Request.
  Time since last request: 0.000160 seconds.
  path: Assets/TextMesh Pro/Examples & Extras/Resources/Fonts & Materials/Bangers SDF - Drop Shadow.mat
  artifactKey: Guid(f2dcf029949142e28b974630369c8b4e) Importer(815301076,1909f56bfc062723c751e8b465ee728b)
Start importing Assets/TextMesh Pro/Examples & Extras/Resources/Fonts & Materials/Bangers SDF - Drop Shadow.mat using Guid(f2dcf029949142e28b974630369c8b4e) Importer(815301076,1909f56bfc062723c751e8b465ee728b)  -> (artifact id: '46ada6ab27cc6d2806ea7122bc786f08') in 0.009616 seconds
  Import took 0.021012 seconds .

========================================================================
Received Import Request.
  Time since last request: 0.000147 seconds.
  path: Assets/TextMesh Pro/Examples & Extras/Resources/Fonts & Materials/Bangers SDF Glow.mat
  artifactKey: Guid(d75b8f41e959450c84ac6e967084d3e1) Importer(815301076,1909f56bfc062723c751e8b465ee728b)
Start importing Assets/TextMesh Pro/Examples & Extras/Resources/Fonts & Materials/Bangers SDF Glow.mat using Guid(d75b8f41e959450c84ac6e967084d3e1) Importer(815301076,1909f56bfc062723c751e8b465ee728b)  -> (artifact id: 'e4b92ff6803ed3620cc86af90407596a') in 0.069703 seconds
  Import took 0.072105 seconds .

========================================================================
Received Import Request.
  Time since last request: 0.000172 seconds.
  path: Assets/TextMesh Pro/Examples & Extras/Resources/Fonts & Materials/Anton SDF - Outline.mat
  artifactKey: Guid(a00013af81304728b2be1f4309ee2433) Importer(815301076,1909f56bfc062723c751e8b465ee728b)
Start importing Assets/TextMesh Pro/Examples & Extras/Resources/Fonts & Materials/Anton SDF - Outline.mat using Guid(a00013af81304728b2be1f4309ee2433) Importer(815301076,1909f56bfc062723c751e8b465ee728b)  -> (artifact id: 'e7670bd8f208e7b10733b7b8dc40891e') in 0.009865 seconds
  Import took 0.012235 seconds .

========================================================================
Received Import Request.
  Time since last request: 0.000184 seconds.
  path: Assets/TextMesh Pro/Examples & Extras/Fonts/Bangers.ttf
  artifactKey: Guid(5dd49b3eacc540408c98eee0de38e0f1) Importer(815301076,1909f56bfc062723c751e8b465ee728b)
Start importing Assets/TextMesh Pro/Examples & Extras/Fonts/Bangers.ttf using Guid(5dd49b3eacc540408c98eee0de38e0f1) Importer(815301076,1909f56bfc062723c751e8b465ee728b)  -> (artifact id: 'a139e5b9c6121ec03a3dab7824edbe5c') in 0.011290 seconds
  Import took 0.013765 seconds .

========================================================================
Received Import Request.
  Time since last request: 0.000191 seconds.
  path: Assets/TextMesh Pro/Examples & Extras/Resources/Fonts & Materials/Bangers SDF Logo.mat
  artifactKey: Guid(f4e195ac1e204eff960149d1cb34e18c) Importer(815301076,1909f56bfc062723c751e8b465ee728b)
Start importing Assets/TextMesh Pro/Examples & Extras/Resources/Fonts & Materials/Bangers SDF Logo.mat using Guid(f4e195ac1e204eff960149d1cb34e18c) Importer(815301076,1909f56bfc062723c751e8b465ee728b)  -> (artifact id: '27a573a09380fc779acc34215ef425be') in 0.232319 seconds
  Import took 0.235116 seconds .

========================================================================
Received Import Request.
  Time since last request: 0.000156 seconds.
  path: Assets/TextMesh Pro/Examples & Extras/Resources/Color Gradient Presets/Blue to Purple - Vertical.asset
  artifactKey: Guid(479a66fa4b094512a62b0a8e553ad95a) Importer(815301076,1909f56bfc062723c751e8b465ee728b)
Start importing Assets/TextMesh Pro/Examples & Extras/Resources/Color Gradient Presets/Blue to Purple - Vertical.asset using Guid(479a66fa4b094512a62b0a8e553ad95a) Importer(815301076,1909f56bfc062723c751e8b465ee728b)  -> (artifact id: '0b7764c216df253cef36052b5d896044') in 0.005801 seconds
  Import took 0.013146 seconds .

========================================================================
Received Import Request.
  Time since last request: 0.000139 seconds.
  path: Assets/TextMesh Pro/Examples & Extras/Resources/Fonts & Materials/Bangers SDF Logo.mat
  artifactKey: Guid(f4e195ac1e204eff960149d1cb34e18c) Importer(815301076,1909f56bfc062723c751e8b465ee728b)
Start importing Assets/TextMesh Pro/Examples & Extras/Resources/Fonts & Materials/Bangers SDF Logo.mat using Guid(f4e195ac1e204eff960149d1cb34e18c) Importer(815301076,1909f56bfc062723c751e8b465ee728b)  -> (artifact id: '27a573a09380fc779acc34215ef425be') in 0.007048 seconds
  Import took 0.009351 seconds .

========================================================================
Received Import Request.
  Time since last request: 3.738381 seconds.
  path: Assets/Prefabs/enemy_blue.prefab
  artifactKey: Guid(7dbf6f547d486974db6afc1c537102bb) Importer(815301076,1909f56bfc062723c751e8b465ee728b)
Start importing Assets/Prefabs/enemy_blue.prefab using Guid(7dbf6f547d486974db6afc1c537102bb) Importer(815301076,1909f56bfc062723c751e8b465ee728b)  -> (artifact id: '8d690622ca2e393193355b391d85f162') in 0.008245 seconds
  Import took 0.011014 seconds .

========================================================================
Received Import Request.
  Time since last request: 0.013958 seconds.
  path: Assets/Prefabs/enemy_blue.prefab
  artifactKey: Guid(7dbf6f547d486974db6afc1c537102bb) Importer(815301076,1909f56bfc062723c751e8b465ee728b)
Start importing Assets/Prefabs/enemy_blue.prefab using Guid(7dbf6f547d486974db6afc1c537102bb) Importer(815301076,1909f56bfc062723c751e8b465ee728b)  -> (artifact id: '8d690622ca2e393193355b391d85f162') in 0.007644 seconds
  Import took 0.010117 seconds .

========================================================================
Received Import Request.
  Time since last request: 13.259129 seconds.
  path: Assets/Prefabs/enemy_blue.prefab
  artifactKey: Guid(7dbf6f547d486974db6afc1c537102bb) Importer(815301076,1909f56bfc062723c751e8b465ee728b)
Start importing Assets/Prefabs/enemy_blue.prefab using Guid(7dbf6f547d486974db6afc1c537102bb) Importer(815301076,1909f56bfc062723c751e8b465ee728b)  -> (artifact id: 'ddb6eb9fc4a6d99fa0f4fe38e77f46d4') in 0.008040 seconds
  Import took 0.010899 seconds .

========================================================================
Received Import Request.
  Time since last request: 0.016087 seconds.
  path: Assets/Prefabs/enemy_blue.prefab
  artifactKey: Guid(7dbf6f547d486974db6afc1c537102bb) Importer(815301076,1909f56bfc062723c751e8b465ee728b)
Start importing Assets/Prefabs/enemy_blue.prefab using Guid(7dbf6f547d486974db6afc1c537102bb) Importer(815301076,1909f56bfc062723c751e8b465ee728b)  -> (artifact id: 'ddb6eb9fc4a6d99fa0f4fe38e77f46d4') in 0.008987 seconds
  Import took 0.011986 seconds .

========================================================================
Received Prepare
Registering precompiled user dll's ...
Registered in 0.000507 seconds.
Begin MonoManager ReloadAssembly
Native extension for WindowsStandalone target not found
Refreshing native plugins compatible for Editor in 0.44 ms, found 0 plugins.
Preloading 0 native plugins for Editor in 0.00 ms.
Invoked RoslynAnalysisRunner static constructor.
RoslynAnalysisRunner will not be running.
RoslynAnalysisRunner has terminated.
Mono: successfully reloaded assembly
- Completed reload, in  0.709 seconds
Platform modules already initialized, skipping
Refreshing native plugins compatible for Editor in 0.41 ms, found 0 plugins.
Preloading 0 native plugins for Editor in 0.00 ms.
Unloading 1711 Unused Serialized files (Serialized files now loaded: 0)
System memory in use before: 82.4 MB.
System memory in use after: 82.5 MB.

Unloading 19 unused Assets to reduce memory usage. Loaded Objects now: 2234.
Total: 1.861600 ms (FindLiveObjects: 0.198600 ms CreateObjectMapping: 0.045800 ms MarkObjects: 1.595700 ms  DeleteObjects: 0.020200 ms)

========================================================================
Received Import Request.
  Time since last request: 41.187657 seconds.
  path: Assets/Materials/mat_Red.mat
  artifactKey: Guid(893c36117600e8b4cbd994acabfbb2f2) Importer(815301076,1909f56bfc062723c751e8b465ee728b)
Start importing Assets/Materials/mat_Red.mat using Guid(893c36117600e8b4cbd994acabfbb2f2) Importer(815301076,1909f56bfc062723c751e8b465ee728b)  -> (artifact id: 'ddac1f06317e89348d351fe2a61b641e') in 0.050874 seconds
  Import took 0.053688 seconds .

========================================================================
Received Import Request.
  Time since last request: 19.332706 seconds.
  path: Assets/Materials/mat_enemyBullet.mat
  artifactKey: Guid(57e3f1048fd472641b1267ff98e4b7fe) Importer(815301076,1909f56bfc062723c751e8b465ee728b)
Start importing Assets/Materials/mat_enemyBullet.mat using Guid(57e3f1048fd472641b1267ff98e4b7fe) Importer(815301076,1909f56bfc062723c751e8b465ee728b)  -> (artifact id: '9c0f314f7bfac69631b8df05631a3345') in 0.010225 seconds
  Import took 0.027759 seconds .

========================================================================
Received Import Request.
  Time since last request: 16.926051 seconds.
  path: Assets/Materials/mat_Red 1.mat
  artifactKey: Guid(355983f8181154643a1ed7b608936af3) Importer(815301076,1909f56bfc062723c751e8b465ee728b)
Start importing Assets/Materials/mat_Red 1.mat using Guid(355983f8181154643a1ed7b608936af3) Importer(815301076,1909f56bfc062723c751e8b465ee728b)  -> (artifact id: '0f1daa727e1f6053f32668716700e650') in 0.010670 seconds
  Import took 0.013428 seconds .

========================================================================
Received Import Request.
  Time since last request: 0.000171 seconds.
  path: Assets/Materials/mat_Red.mat
  artifactKey: Guid(893c36117600e8b4cbd994acabfbb2f2) Importer(815301076,1909f56bfc062723c751e8b465ee728b)
Start importing Assets/Materials/mat_Red.mat using Guid(893c36117600e8b4cbd994acabfbb2f2) Importer(815301076,1909f56bfc062723c751e8b465ee728b)  -> (artifact id: 'a50f14b69c2e6643973739d5502d5da1') in 0.008935 seconds
  Import took 0.011400 seconds .

========================================================================
Received Import Request.
  Time since last request: 10.769941 seconds.
  path: Assets/Materials/mat_Orange.mat
  artifactKey: Guid(893c36117600e8b4cbd994acabfbb2f2) Importer(815301076,1909f56bfc062723c751e8b465ee728b)
Start importing Assets/Materials/mat_Orange.mat using Guid(893c36117600e8b4cbd994acabfbb2f2) Importer(815301076,1909f56bfc062723c751e8b465ee728b)  -> (artifact id: '7ab858045a5f4ddbd241240a6dba8fe0') in 0.009797 seconds
  Import took 0.012533 seconds .

========================================================================
Received Import Request.
  Time since last request: 4.012640 seconds.
  path: Assets/Materials/mat_Red.mat
  artifactKey: Guid(355983f8181154643a1ed7b608936af3) Importer(815301076,1909f56bfc062723c751e8b465ee728b)
Start importing Assets/Materials/mat_Red.mat using Guid(355983f8181154643a1ed7b608936af3) Importer(815301076,1909f56bfc062723c751e8b465ee728b)  -> (artifact id: '00553ab2bf9457a4f4f481b53e8a5d22') in 0.006118 seconds
  Import took 0.008868 seconds .

========================================================================
Received Prepare
Registering precompiled user dll's ...
Registered in 0.000540 seconds.
Begin MonoManager ReloadAssembly
Native extension for WindowsStandalone target not found
Refreshing native plugins compatible for Editor in 0.46 ms, found 0 plugins.
Preloading 0 native plugins for Editor in 0.00 ms.
Invoked RoslynAnalysisRunner static constructor.
RoslynAnalysisRunner will not be running.
RoslynAnalysisRunner has terminated.
Mono: successfully reloaded assembly
- Completed reload, in  0.729 seconds
Platform modules already initialized, skipping
Refreshing native plugins compatible for Editor in 0.37 ms, found 0 plugins.
Preloading 0 native plugins for Editor in 0.00 ms.
Unloading 1711 Unused Serialized files (Serialized files now loaded: 0)
System memory in use before: 82.4 MB.
System memory in use after: 82.5 MB.

Unloading 18 unused Assets to reduce memory usage. Loaded Objects now: 2238.
Total: 1.804700 ms (FindLiveObjects: 0.185000 ms CreateObjectMapping: 0.048700 ms MarkObjects: 1.554100 ms  DeleteObjects: 0.015800 ms)

========================================================================
Received Import Request.
  Time since last request: 94.285701 seconds.
  path: Assets/Prefabs/Player.prefab
  artifactKey: Guid(b31c056dd3f09a944b509ceda2a22e1f) Importer(815301076,1909f56bfc062723c751e8b465ee728b)
Start importing Assets/Prefabs/Player.prefab using Guid(b31c056dd3f09a944b509ceda2a22e1f) Importer(815301076,1909f56bfc062723c751e8b465ee728b)  -> (artifact id: '3c4324bd20a50c7aa4eacdedc60c2a3d') in 0.066393 seconds
  Import took 0.069291 seconds .

========================================================================
Received Import Request.
  Time since last request: 14.940199 seconds.
  path: Assets/Prefabs/enemy_blue.prefab
  artifactKey: Guid(7dbf6f547d486974db6afc1c537102bb) Importer(815301076,1909f56bfc062723c751e8b465ee728b)
Start importing Assets/Prefabs/enemy_blue.prefab using Guid(7dbf6f547d486974db6afc1c537102bb) Importer(815301076,1909f56bfc062723c751e8b465ee728b)  -> (artifact id: '9a0bae7efbebfc9a6f6886ec24787329') in 0.007927 seconds
  Import took 0.010831 seconds .

========================================================================
Received Import Request.
  Time since last request: 3.268868 seconds.
  path: Assets/Prefabs/enemy_blue.prefab
  artifactKey: Guid(7dbf6f547d486974db6afc1c537102bb) Importer(815301076,1909f56bfc062723c751e8b465ee728b)
Start importing Assets/Prefabs/enemy_blue.prefab using Guid(7dbf6f547d486974db6afc1c537102bb) Importer(815301076,1909f56bfc062723c751e8b465ee728b)  -> (artifact id: '5e51429aa54817ee010978f1c71ddecc') in 0.006934 seconds
  Import took 0.009581 seconds .

========================================================================
Received Import Request.
  Time since last request: 0.020221 seconds.
  path: Assets/Prefabs/enemy_blue.prefab
  artifactKey: Guid(7dbf6f547d486974db6afc1c537102bb) Importer(815301076,1909f56bfc062723c751e8b465ee728b)
Start importing Assets/Prefabs/enemy_blue.prefab using Guid(7dbf6f547d486974db6afc1c537102bb) Importer(815301076,1909f56bfc062723c751e8b465ee728b)  -> (artifact id: '5e51429aa54817ee010978f1c71ddecc') in 0.007059 seconds
  Import took 0.009531 seconds .

========================================================================
Received Import Request.
  Time since last request: 3.233020 seconds.
  path: Assets/Prefabs/enemy_blue.prefab
  artifactKey: Guid(7dbf6f547d486974db6afc1c537102bb) Importer(815301076,1909f56bfc062723c751e8b465ee728b)
Start importing Assets/Prefabs/enemy_blue.prefab using Guid(7dbf6f547d486974db6afc1c537102bb) Importer(815301076,1909f56bfc062723c751e8b465ee728b)  -> (artifact id: '1d420a9eb0fa8438ce506543fd68ef10') in 0.006384 seconds
  Import took 0.009178 seconds .

========================================================================
Received Import Request.
  Time since last request: 0.015648 seconds.
  path: Assets/Prefabs/enemy_blue.prefab
  artifactKey: Guid(7dbf6f547d486974db6afc1c537102bb) Importer(815301076,1909f56bfc062723c751e8b465ee728b)
Start importing Assets/Prefabs/enemy_blue.prefab using Guid(7dbf6f547d486974db6afc1c537102bb) Importer(815301076,1909f56bfc062723c751e8b465ee728b)  -> (artifact id: '1d420a9eb0fa8438ce506543fd68ef10') in 0.007108 seconds
  Import took 0.009465 seconds .

========================================================================
Received Prepare
Registering precompiled user dll's ...
Registered in 0.000512 seconds.
Begin MonoManager ReloadAssembly
Native extension for WindowsStandalone target not found
Refreshing native plugins compatible for Editor in 0.45 ms, found 0 plugins.
Preloading 0 native plugins for Editor in 0.00 ms.
Invoked RoslynAnalysisRunner static constructor.
RoslynAnalysisRunner will not be running.
RoslynAnalysisRunner has terminated.
Mono: successfully reloaded assembly
- Completed reload, in  0.735 seconds
Platform modules already initialized, skipping
Refreshing native plugins compatible for Editor in 0.43 ms, found 0 plugins.
Preloading 0 native plugins for Editor in 0.00 ms.
Unloading 1711 Unused Serialized files (Serialized files now loaded: 0)
System memory in use before: 82.4 MB.
System memory in use after: 82.6 MB.

Unloading 19 unused Assets to reduce memory usage. Loaded Objects now: 2242.
Total: 1.785400 ms (FindLiveObjects: 0.183000 ms CreateObjectMapping: 0.046100 ms MarkObjects: 1.534600 ms  DeleteObjects: 0.020800 ms)

========================================================================
Received Prepare
Registering precompiled user dll's ...
Registered in 0.000520 seconds.
Begin MonoManager ReloadAssembly
Native extension for WindowsStandalone target not found
Refreshing native plugins compatible for Editor in 0.46 ms, found 0 plugins.
Preloading 0 native plugins for Editor in 0.00 ms.
Invoked RoslynAnalysisRunner static constructor.
RoslynAnalysisRunner will not be running.
RoslynAnalysisRunner has terminated.
Mono: successfully reloaded assembly
- Completed reload, in  0.744 seconds
Platform modules already initialized, skipping
Refreshing native plugins compatible for Editor in 0.44 ms, found 0 plugins.
Preloading 0 native plugins for Editor in 0.00 ms.
Unloading 1712 Unused Serialized files (Serialized files now loaded: 0)
System memory in use before: 82.5 MB.
System memory in use after: 82.6 MB.

Unloading 18 unused Assets to reduce memory usage. Loaded Objects now: 2246.
Total: 1.802900 ms (FindLiveObjects: 0.197000 ms CreateObjectMapping: 0.040500 ms MarkObjects: 1.548700 ms  DeleteObjects: 0.015700 ms)

========================================================================
Received Prepare
Registering precompiled user dll's ...
Registered in 0.000400 seconds.
Begin MonoManager ReloadAssembly
Native extension for WindowsStandalone target not found
Refreshing native plugins compatible for Editor in 0.44 ms, found 0 plugins.
Preloading 0 native plugins for Editor in 0.00 ms.
Invoked RoslynAnalysisRunner static constructor.
RoslynAnalysisRunner will not be running.
RoslynAnalysisRunner has terminated.
Mono: successfully reloaded assembly
- Completed reload, in  0.741 seconds
Platform modules already initialized, skipping
Refreshing native plugins compatible for Editor in 0.43 ms, found 0 plugins.
Preloading 0 native plugins for Editor in 0.00 ms.
Unloading 1712 Unused Serialized files (Serialized files now loaded: 0)
System memory in use before: 82.5 MB.
System memory in use after: 82.6 MB.

Unloading 18 unused Assets to reduce memory usage. Loaded Objects now: 2249.
Total: 1.849900 ms (FindLiveObjects: 0.228900 ms CreateObjectMapping: 0.050200 ms MarkObjects: 1.554800 ms  DeleteObjects: 0.014800 ms)

========================================================================
Received Prepare
Registering precompiled user dll's ...
Registered in 0.000537 seconds.
Begin MonoManager ReloadAssembly
Native extension for WindowsStandalone target not found
Refreshing native plugins compatible for Editor in 0.44 ms, found 0 plugins.
Preloading 0 native plugins for Editor in 0.00 ms.
Invoked RoslynAnalysisRunner static constructor.
RoslynAnalysisRunner will not be running.
RoslynAnalysisRunner has terminated.
Mono: successfully reloaded assembly
- Completed reload, in  0.737 seconds
Platform modules already initialized, skipping
Refreshing native plugins compatible for Editor in 0.40 ms, found 0 plugins.
Preloading 0 native plugins for Editor in 0.00 ms.
Unloading 1711 Unused Serialized files (Serialized files now loaded: 0)
System memory in use before: 82.5 MB.
System memory in use after: 82.6 MB.

Unloading 19 unused Assets to reduce memory usage. Loaded Objects now: 2251.
Total: 1.793400 ms (FindLiveObjects: 0.194200 ms CreateObjectMapping: 0.042900 ms MarkObjects: 1.538900 ms  DeleteObjects: 0.016100 ms)

========================================================================
Received Import Request.
  Time since last request: 676.777956 seconds.
  path: Assets/Prefabs/enemy_blue.prefab
  artifactKey: Guid(7dbf6f547d486974db6afc1c537102bb) Importer(815301076,1909f56bfc062723c751e8b465ee728b)
Start importing Assets/Prefabs/enemy_blue.prefab using Guid(7dbf6f547d486974db6afc1c537102bb) Importer(815301076,1909f56bfc062723c751e8b465ee728b)  -> (artifact id: 'c13a5edee99cc1307ccee739baae5449') in 0.056032 seconds
  Import took 0.058874 seconds .

========================================================================
Received Prepare
Registering precompiled user dll's ...
Registered in 0.000506 seconds.
Begin MonoManager ReloadAssembly
Native extension for WindowsStandalone target not found
Refreshing native plugins compatible for Editor in 0.44 ms, found 0 plugins.
Preloading 0 native plugins for Editor in 0.00 ms.
Invoked RoslynAnalysisRunner static constructor.
RoslynAnalysisRunner will not be running.
RoslynAnalysisRunner has terminated.
Mono: successfully reloaded assembly
- Completed reload, in  0.729 seconds
Platform modules already initialized, skipping
Refreshing native plugins compatible for Editor in 0.44 ms, found 0 plugins.
Preloading 0 native plugins for Editor in 0.00 ms.
Unloading 1711 Unused Serialized files (Serialized files now loaded: 0)
System memory in use before: 82.5 MB.
System memory in use after: 82.6 MB.

Unloading 19 unused Assets to reduce memory usage. Loaded Objects now: 2255.
Total: 1.810200 ms (FindLiveObjects: 0.187700 ms CreateObjectMapping: 0.045400 ms MarkObjects: 1.557200 ms  DeleteObjects: 0.019200 ms)

========================================================================
Received Import Request.
  Time since last request: 25.081095 seconds.
  path: Assets/Prefabs/enemy_blue.prefab
  artifactKey: Guid(7dbf6f547d486974db6afc1c537102bb) Importer(815301076,1909f56bfc062723c751e8b465ee728b)
Start importing Assets/Prefabs/enemy_blue.prefab using Guid(7dbf6f547d486974db6afc1c537102bb) Importer(815301076,1909f56bfc062723c751e8b465ee728b)  -> (artifact id: 'db2bdb9613c170d2aa31a1c3e72ac6bf') in 0.056932 seconds
  Import took 0.059874 seconds .

========================================================================
Received Import Request.
  Time since last request: 9.057476 seconds.
  path: Assets/Prefabs/enemy_blue.prefab
  artifactKey: Guid(7dbf6f547d486974db6afc1c537102bb) Importer(815301076,1909f56bfc062723c751e8b465ee728b)
Start importing Assets/Prefabs/enemy_blue.prefab using Guid(7dbf6f547d486974db6afc1c537102bb) Importer(815301076,1909f56bfc062723c751e8b465ee728b)  -> (artifact id: '640d4ec75415120ff2d733cc27c0329a') in 0.006412 seconds
  Import took 0.009119 seconds .

========================================================================
Received Import Request.
  Time since last request: 29.665056 seconds.
  path: Assets/Prefabs/enemy_blue.prefab
  artifactKey: Guid(7dbf6f547d486974db6afc1c537102bb) Importer(815301076,1909f56bfc062723c751e8b465ee728b)
Start importing Assets/Prefabs/enemy_blue.prefab using Guid(7dbf6f547d486974db6afc1c537102bb) Importer(815301076,1909f56bfc062723c751e8b465ee728b)  -> (artifact id: '3d916414f5313efa6daf7508b110c3e7') in 0.007382 seconds
  Import took 0.020087 seconds .

========================================================================
Received Import Request.
  Time since last request: 4.065005 seconds.
  path: Assets/Prefabs/enemy_blue.prefab
  artifactKey: Guid(7dbf6f547d486974db6afc1c537102bb) Importer(815301076,1909f56bfc062723c751e8b465ee728b)
Start importing Assets/Prefabs/enemy_blue.prefab using Guid(7dbf6f547d486974db6afc1c537102bb) Importer(815301076,1909f56bfc062723c751e8b465ee728b)  -> (artifact id: '5b9c6ef3e5f9d6ac09ad8a44739a140f') in 0.006519 seconds
  Import took 0.009221 seconds .

========================================================================
Received Import Request.
  Time since last request: 11.529020 seconds.
  path: Assets/Prefabs/enemy_blue.prefab
  artifactKey: Guid(7dbf6f547d486974db6afc1c537102bb) Importer(815301076,1909f56bfc062723c751e8b465ee728b)
Start importing Assets/Prefabs/enemy_blue.prefab using Guid(7dbf6f547d486974db6afc1c537102bb) Importer(815301076,1909f56bfc062723c751e8b465ee728b)  -> (artifact id: '4c37c1b076bbf31621c512a593a9761c') in 0.006798 seconds
  Import took 0.009531 seconds .

========================================================================
Received Import Request.
  Time since last request: 62.885088 seconds.
  path: Assets/Prefabs/enemy_blue.prefab
  artifactKey: Guid(7dbf6f547d486974db6afc1c537102bb) Importer(815301076,1909f56bfc062723c751e8b465ee728b)
Start importing Assets/Prefabs/enemy_blue.prefab using Guid(7dbf6f547d486974db6afc1c537102bb) Importer(815301076,1909f56bfc062723c751e8b465ee728b)  -> (artifact id: 'cc2e2053239f5833222541cfb8a85791') in 0.006678 seconds
  Import took 0.009449 seconds .

========================================================================
Received Prepare
Registering precompiled user dll's ...
Registered in 0.000527 seconds.
Begin MonoManager ReloadAssembly
Native extension for WindowsStandalone target not found
Refreshing native plugins compatible for Editor in 0.45 ms, found 0 plugins.
Preloading 0 native plugins for Editor in 0.00 ms.
Invoked RoslynAnalysisRunner static constructor.
RoslynAnalysisRunner will not be running.
RoslynAnalysisRunner has terminated.
Mono: successfully reloaded assembly
- Completed reload, in  0.742 seconds
Platform modules already initialized, skipping
Refreshing native plugins compatible for Editor in 0.42 ms, found 0 plugins.
Preloading 0 native plugins for Editor in 0.00 ms.
Unloading 1711 Unused Serialized files (Serialized files now loaded: 0)
System memory in use before: 82.5 MB.
System memory in use after: 82.6 MB.

Unloading 19 unused Assets to reduce memory usage. Loaded Objects now: 2259.
Total: 1.801000 ms (FindLiveObjects: 0.184200 ms CreateObjectMapping: 0.045300 ms MarkObjects: 1.550400 ms  DeleteObjects: 0.019900 ms)

========================================================================
Received Prepare
Registering precompiled user dll's ...
Registered in 0.000491 seconds.
Begin MonoManager ReloadAssembly
Native extension for WindowsStandalone target not found
Refreshing native plugins compatible for Editor in 0.45 ms, found 0 plugins.
Preloading 0 native plugins for Editor in 0.00 ms.
Invoked RoslynAnalysisRunner static constructor.
RoslynAnalysisRunner will not be running.
RoslynAnalysisRunner has terminated.
Mono: successfully reloaded assembly
- Completed reload, in  0.730 seconds
Platform modules already initialized, skipping
Refreshing native plugins compatible for Editor in 0.44 ms, found 0 plugins.
Preloading 0 native plugins for Editor in 0.00 ms.
Unloading 1711 Unused Serialized files (Serialized files now loaded: 0)
System memory in use before: 82.5 MB.
System memory in use after: 82.6 MB.

Unloading 18 unused Assets to reduce memory usage. Loaded Objects now: 2262.
Total: 1.876300 ms (FindLiveObjects: 0.198700 ms CreateObjectMapping: 0.047800 ms MarkObjects: 1.613800 ms  DeleteObjects: 0.014900 ms)

========================================================================
Received Prepare
Registering precompiled user dll's ...
Registered in 0.000421 seconds.
Begin MonoManager ReloadAssembly
Native extension for WindowsStandalone target not found
Refreshing native plugins compatible for Editor in 0.45 ms, found 0 plugins.
Preloading 0 native plugins for Editor in 0.00 ms.
Invoked RoslynAnalysisRunner static constructor.
RoslynAnalysisRunner will not be running.
RoslynAnalysisRunner has terminated.
Mono: successfully reloaded assembly
- Completed reload, in  0.745 seconds
Platform modules already initialized, skipping
Refreshing native plugins compatible for Editor in 0.40 ms, found 0 plugins.
Preloading 0 native plugins for Editor in 0.00 ms.
Unloading 1711 Unused Serialized files (Serialized files now loaded: 0)
System memory in use before: 82.5 MB.
System memory in use after: 82.6 MB.

Unloading 18 unused Assets to reduce memory usage. Loaded Objects now: 2265.
Total: 1.832900 ms (FindLiveObjects: 0.193600 ms CreateObjectMapping: 0.046700 ms MarkObjects: 1.578200 ms  DeleteObjects: 0.013100 ms)

========================================================================
Received Prepare
Registering precompiled user dll's ...
Registered in 0.000425 seconds.
Begin MonoManager ReloadAssembly
Native extension for WindowsStandalone target not found
Refreshing native plugins compatible for Editor in 0.44 ms, found 0 plugins.
Preloading 0 native plugins for Editor in 0.00 ms.
Invoked RoslynAnalysisRunner static constructor.
RoslynAnalysisRunner will not be running.
RoslynAnalysisRunner has terminated.
Mono: successfully reloaded assembly
- Completed reload, in  0.730 seconds
Platform modules already initialized, skipping
Refreshing native plugins compatible for Editor in 0.45 ms, found 0 plugins.
Preloading 0 native plugins for Editor in 0.00 ms.
Unloading 1711 Unused Serialized files (Serialized files now loaded: 0)
System memory in use before: 82.5 MB.
System memory in use after: 82.6 MB.

Unloading 18 unused Assets to reduce memory usage. Loaded Objects now: 2268.
Total: 2.030600 ms (FindLiveObjects: 0.350900 ms CreateObjectMapping: 0.098500 ms MarkObjects: 1.563800 ms  DeleteObjects: 0.016300 ms)

========================================================================
Received Prepare
Registering precompiled user dll's ...
Registered in 0.000494 seconds.
Begin MonoManager ReloadAssembly
Native extension for WindowsStandalone target not found
Refreshing native plugins compatible for Editor in 0.45 ms, found 0 plugins.
Preloading 0 native plugins for Editor in 0.00 ms.
Invoked RoslynAnalysisRunner static constructor.
RoslynAnalysisRunner will not be running.
RoslynAnalysisRunner has terminated.
Mono: successfully reloaded assembly
- Completed reload, in  0.736 seconds
Platform modules already initialized, skipping
Refreshing native plugins compatible for Editor in 0.44 ms, found 0 plugins.
Preloading 0 native plugins for Editor in 0.00 ms.
Unloading 1711 Unused Serialized files (Serialized files now loaded: 0)
System memory in use before: 82.5 MB.
System memory in use after: 82.6 MB.

Unloading 18 unused Assets to reduce memory usage. Loaded Objects now: 2271.
Total: 1.773000 ms (FindLiveObjects: 0.194200 ms CreateObjectMapping: 0.040300 ms MarkObjects: 1.523300 ms  DeleteObjects: 0.014000 ms)

========================================================================
Received Prepare
Registering precompiled user dll's ...
Registered in 0.000533 seconds.
Begin MonoManager ReloadAssembly
Native extension for WindowsStandalone target not found
Refreshing native plugins compatible for Editor in 0.45 ms, found 0 plugins.
Preloading 0 native plugins for Editor in 0.00 ms.
Invoked RoslynAnalysisRunner static constructor.
RoslynAnalysisRunner will not be running.
RoslynAnalysisRunner has terminated.
Mono: successfully reloaded assembly
- Completed reload, in  0.725 seconds
Platform modules already initialized, skipping
Refreshing native plugins compatible for Editor in 0.45 ms, found 0 plugins.
Preloading 0 native plugins for Editor in 0.00 ms.
Unloading 1711 Unused Serialized files (Serialized files now loaded: 0)
System memory in use before: 82.5 MB.
System memory in use after: 82.6 MB.

Unloading 18 unused Assets to reduce memory usage. Loaded Objects now: 2274.
Total: 1.804800 ms (FindLiveObjects: 0.192700 ms CreateObjectMapping: 0.047100 ms MarkObjects: 1.550400 ms  DeleteObjects: 0.013100 ms)

========================================================================
Received Prepare
Registering precompiled user dll's ...
Registered in 0.000615 seconds.
Begin MonoManager ReloadAssembly
Native extension for WindowsStandalone target not found
Refreshing native plugins compatible for Editor in 0.44 ms, found 0 plugins.
Preloading 0 native plugins for Editor in 0.00 ms.
Invoked RoslynAnalysisRunner static constructor.
RoslynAnalysisRunner will not be running.
RoslynAnalysisRunner has terminated.
Mono: successfully reloaded assembly
- Completed reload, in  0.723 seconds
Platform modules already initialized, skipping
Refreshing native plugins compatible for Editor in 0.40 ms, found 0 plugins.
Preloading 0 native plugins for Editor in 0.00 ms.
Unloading 1711 Unused Serialized files (Serialized files now loaded: 0)
System memory in use before: 82.5 MB.
System memory in use after: 82.6 MB.

Unloading 18 unused Assets to reduce memory usage. Loaded Objects now: 2277.
Total: 1.821800 ms (FindLiveObjects: 0.191900 ms CreateObjectMapping: 0.046400 ms MarkObjects: 1.568200 ms  DeleteObjects: 0.014200 ms)

========================================================================
Received Prepare
Registering precompiled user dll's ...
Registered in 0.000511 seconds.
Begin MonoManager ReloadAssembly
Native extension for WindowsStandalone target not found
Refreshing native plugins compatible for Editor in 0.45 ms, found 0 plugins.
Preloading 0 native plugins for Editor in 0.00 ms.
Invoked RoslynAnalysisRunner static constructor.
RoslynAnalysisRunner will not be running.
RoslynAnalysisRunner has terminated.
Mono: successfully reloaded assembly
- Completed reload, in  0.727 seconds
Platform modules already initialized, skipping
Refreshing native plugins compatible for Editor in 0.44 ms, found 0 plugins.
Preloading 0 native plugins for Editor in 0.00 ms.
Unloading 1711 Unused Serialized files (Serialized files now loaded: 0)
System memory in use before: 82.5 MB.
System memory in use after: 82.6 MB.

Unloading 18 unused Assets to reduce memory usage. Loaded Objects now: 2280.
Total: 1.800100 ms (FindLiveObjects: 0.191100 ms CreateObjectMapping: 0.046700 ms MarkObjects: 1.546000 ms  DeleteObjects: 0.015200 ms)

========================================================================
Received Prepare
Registering precompiled user dll's ...
Registered in 0.000527 seconds.
Begin MonoManager ReloadAssembly
Native extension for WindowsStandalone target not found
Refreshing native plugins compatible for Editor in 0.45 ms, found 0 plugins.
Preloading 0 native plugins for Editor in 0.00 ms.
Invoked RoslynAnalysisRunner static constructor.
RoslynAnalysisRunner will not be running.
RoslynAnalysisRunner has terminated.
Mono: successfully reloaded assembly
- Completed reload, in  0.742 seconds
Platform modules already initialized, skipping
Refreshing native plugins compatible for Editor in 0.47 ms, found 0 plugins.
Preloading 0 native plugins for Editor in 0.00 ms.
Unloading 1711 Unused Serialized files (Serialized files now loaded: 0)
System memory in use before: 82.5 MB.
System memory in use after: 82.6 MB.

Unloading 18 unused Assets to reduce memory usage. Loaded Objects now: 2283.
Total: 1.813600 ms (FindLiveObjects: 0.221900 ms CreateObjectMapping: 0.041700 ms MarkObjects: 1.533900 ms  DeleteObjects: 0.014600 ms)

========================================================================
Received Prepare
Registering precompiled user dll's ...
Registered in 0.000596 seconds.
Begin MonoManager ReloadAssembly
Native extension for WindowsStandalone target not found
Refreshing native plugins compatible for Editor in 0.46 ms, found 0 plugins.
Preloading 0 native plugins for Editor in 0.00 ms.
Invoked RoslynAnalysisRunner static constructor.
RoslynAnalysisRunner will not be running.
RoslynAnalysisRunner has terminated.
Mono: successfully reloaded assembly
- Completed reload, in  0.777 seconds
Platform modules already initialized, skipping
Refreshing native plugins compatible for Editor in 0.44 ms, found 0 plugins.
Preloading 0 native plugins for Editor in 0.00 ms.
Unloading 1711 Unused Serialized files (Serialized files now loaded: 0)
System memory in use before: 82.5 MB.
System memory in use after: 82.7 MB.

Unloading 18 unused Assets to reduce memory usage. Loaded Objects now: 2286.
Total: 1.820600 ms (FindLiveObjects: 0.185900 ms CreateObjectMapping: 0.040800 ms MarkObjects: 1.578500 ms  DeleteObjects: 0.014400 ms)

========================================================================
Received Prepare
Registering precompiled user dll's ...
Registered in 0.000556 seconds.
Begin MonoManager ReloadAssembly
Native extension for WindowsStandalone target not found
Refreshing native plugins compatible for Editor in 0.44 ms, found 0 plugins.
Preloading 0 native plugins for Editor in 0.00 ms.
Invoked RoslynAnalysisRunner static constructor.
RoslynAnalysisRunner will not be running.
RoslynAnalysisRunner has terminated.
Mono: successfully reloaded assembly
- Completed reload, in  0.738 seconds
Platform modules already initialized, skipping
Refreshing native plugins compatible for Editor in 0.40 ms, found 0 plugins.
Preloading 0 native plugins for Editor in 0.00 ms.
Unloading 1711 Unused Serialized files (Serialized files now loaded: 0)
System memory in use before: 82.5 MB.
System memory in use after: 82.7 MB.

Unloading 18 unused Assets to reduce memory usage. Loaded Objects now: 2289.
Total: 1.783000 ms (FindLiveObjects: 0.191500 ms CreateObjectMapping: 0.041200 ms MarkObjects: 1.534000 ms  DeleteObjects: 0.015100 ms)

========================================================================
Received Prepare
Registering precompiled user dll's ...
Registered in 0.000420 seconds.
Begin MonoManager ReloadAssembly
Native extension for WindowsStandalone target not found
Refreshing native plugins compatible for Editor in 0.45 ms, found 0 plugins.
Preloading 0 native plugins for Editor in 0.00 ms.
Invoked RoslynAnalysisRunner static constructor.
RoslynAnalysisRunner will not be running.
RoslynAnalysisRunner has terminated.
Mono: successfully reloaded assembly
- Completed reload, in  0.713 seconds
Platform modules already initialized, skipping
Refreshing native plugins compatible for Editor in 0.44 ms, found 0 plugins.
Preloading 0 native plugins for Editor in 0.00 ms.
Unloading 1711 Unused Serialized files (Serialized files now loaded: 0)
System memory in use before: 82.5 MB.
System memory in use after: 82.7 MB.

Unloading 18 unused Assets to reduce memory usage. Loaded Objects now: 2292.
Total: 1.858300 ms (FindLiveObjects: 0.217600 ms CreateObjectMapping: 0.042600 ms MarkObjects: 1.580400 ms  DeleteObjects: 0.015900 ms)

========================================================================
Received Import Request.
  Time since last request: 861.247178 seconds.
  path: Assets/TextMesh Pro/Examples & Extras/Materials/Crate - Surface Shader Scene.mat
  artifactKey: Guid(e6b9b44320f4448d9d5e0ee634259966) Importer(815301076,1909f56bfc062723c751e8b465ee728b)
Start importing Assets/TextMesh Pro/Examples & Extras/Materials/Crate - Surface Shader Scene.mat using Guid(e6b9b44320f4448d9d5e0ee634259966) Importer(815301076,1909f56bfc062723c751e8b465ee728b)  -> (artifact id: 'dc52a4b7dabca33c47910d47ac5b2870') in 0.178598 seconds
  Import took 0.181658 seconds .

========================================================================
Received Import Request.
  Time since last request: 0.000164 seconds.
  path: Assets/TextMesh Pro/Examples & Extras/Materials/Small Crate_diffuse.mat
  artifactKey: Guid(22262639920f43d6be32430e4e58350d) Importer(815301076,1909f56bfc062723c751e8b465ee728b)
Start importing Assets/TextMesh Pro/Examples & Extras/Materials/Small Crate_diffuse.mat using Guid(22262639920f43d6be32430e4e58350d) Importer(815301076,1909f56bfc062723c751e8b465ee728b)  -> (artifact id: '3a6851fce98bd9447980e07668fbcc1a') in 0.100736 seconds
  Import took 0.103159 seconds .

========================================================================
Received Import Request.
  Time since last request: 0.000175 seconds.
  path: Assets/TextMesh Pro/Examples & Extras/Resources/Fonts & Materials/Electronic Highway Sign SDF.asset
  artifactKey: Guid(dc36b3fdc14f47ebb36fd484a67e268a) Importer(815301076,1909f56bfc062723c751e8b465ee728b)
Start importing Assets/TextMesh Pro/Examples & Extras/Resources/Fonts & Materials/Electronic Highway Sign SDF.asset using Guid(dc36b3fdc14f47ebb36fd484a67e268a) Importer(815301076,1909f56bfc062723c751e8b465ee728b)  -> (artifact id: 'bc389cd231cd4b9785c8173790532386') in 0.029989 seconds
  Import took 0.032414 seconds .

========================================================================
Received Import Request.
  Time since last request: 0.000195 seconds.
  path: Assets/TextMesh Pro/Examples & Extras/Materials/Small Crate_diffuse.mat
  artifactKey: Guid(22262639920f43d6be32430e4e58350d) Importer(815301076,1909f56bfc062723c751e8b465ee728b)
Start importing Assets/TextMesh Pro/Examples & Extras/Materials/Small Crate_diffuse.mat using Guid(22262639920f43d6be32430e4e58350d) Importer(815301076,1909f56bfc062723c751e8b465ee728b)  -> (artifact id: '3a6851fce98bd9447980e07668fbcc1a') in 0.010890 seconds
  Import took 0.013745 seconds .

========================================================================
Received Import Request.
  Time since last request: 0.000165 seconds.
  path: Assets/TextMesh Pro/Resources/Fonts & Materials/LiberationSans SDF - Outline.mat
  artifactKey: Guid(79459efec17a4d00a321bdcc27bbc385) Importer(815301076,1909f56bfc062723c751e8b465ee728b)
Start importing Assets/TextMesh Pro/Resources/Fonts & Materials/LiberationSans SDF - Outline.mat using Guid(79459efec17a4d00a321bdcc27bbc385) Importer(815301076,1909f56bfc062723c751e8b465ee728b)  -> (artifact id: 'c269c21ac78df1e67178f1f5f025eb67') in 0.023900 seconds
  Import took 0.026364 seconds .

========================================================================
Received Import Request.
  Time since last request: 0.000173 seconds.
  path: Assets/TextMesh Pro/Examples & Extras/Resources/Fonts & Materials/LiberationSans SDF - Overlay.mat
  artifactKey: Guid(9ad269c99dcf42b7aedefd83dd5a7b9d) Importer(815301076,1909f56bfc062723c751e8b465ee728b)
Start importing Assets/TextMesh Pro/Examples & Extras/Resources/Fonts & Materials/LiberationSans SDF - Overlay.mat using Guid(9ad269c99dcf42b7aedefd83dd5a7b9d) Importer(815301076,1909f56bfc062723c751e8b465ee728b)  -> (artifact id: '0732368350f0018cc7d006fb877b6cd7') in 0.021317 seconds
  Import took 0.023869 seconds .

========================================================================
Received Import Request.
  Time since last request: 0.000188 seconds.
  path: Assets/TextMesh Pro/Examples & Extras/Fonts/Oswald-Bold.ttf
  artifactKey: Guid(c9f6d0e7bc8541498c9a4799ba184ede) Importer(815301076,1909f56bfc062723c751e8b465ee728b)
Start importing Assets/TextMesh Pro/Examples & Extras/Fonts/Oswald-Bold.ttf using Guid(c9f6d0e7bc8541498c9a4799ba184ede) Importer(815301076,1909f56bfc062723c751e8b465ee728b)  -> (artifact id: '40b8404154d13a198bdaf79bd090aa56') in 0.011020 seconds
  Import took 0.024768 seconds .

========================================================================
Received Import Request.
  Time since last request: 0.000169 seconds.
  path: Assets/TextMesh Pro/Examples & Extras/Fonts/Roboto-Bold.ttf
  artifactKey: Guid(4beb055f07aaff244873dec698d0363e) Importer(815301076,1909f56bfc062723c751e8b465ee728b)
Start importing Assets/TextMesh Pro/Examples & Extras/Fonts/Roboto-Bold.ttf using Guid(4beb055f07aaff244873dec698d0363e) Importer(815301076,1909f56bfc062723c751e8b465ee728b)  -> (artifact id: '124013b23e25e46f3fcb6c1e700b2bef') in 0.011971 seconds
  Import took 0.014407 seconds .

========================================================================
Received Import Request.
  Time since last request: 0.000156 seconds.
  path: Assets/TextMesh Pro/Examples & Extras/Resources/Fonts & Materials/Roboto-Bold SDF - Drop Shadow.mat
  artifactKey: Guid(b246c4190f4e46ec9352fe15a7b09ce0) Importer(815301076,1909f56bfc062723c751e8b465ee728b)
Start importing Assets/TextMesh Pro/Examples & Extras/Resources/Fonts & Materials/Roboto-Bold SDF - Drop Shadow.mat using Guid(b246c4190f4e46ec9352fe15a7b09ce0) Importer(815301076,1909f56bfc062723c751e8b465ee728b)  -> (artifact id: '2bedaa9f9c0dba7f1beafbe35a01271e') in 0.008965 seconds
  Import took 0.011455 seconds .

========================================================================
Received Import Request.
  Time since last request: 0.000170 seconds.
  path: Assets/TextMesh Pro/Resources/Fonts & Materials/LiberationSans SDF - Fallback.asset
  artifactKey: Guid(2e498d1c8094910479dc3e1b768306a4) Importer(815301076,1909f56bfc062723c751e8b465ee728b)
Start importing Assets/TextMesh Pro/Resources/Fonts & Materials/LiberationSans SDF - Fallback.asset using Guid(2e498d1c8094910479dc3e1b768306a4) Importer(815301076,1909f56bfc062723c751e8b465ee728b)  -> (artifact id: '13d3ca63cf33b18738f368de6609444d') in 0.018278 seconds
  Import took 0.023588 seconds .

========================================================================
Received Import Request.
  Time since last request: 0.000175 seconds.
  path: Assets/TextMesh Pro/Examples & Extras/Materials/Crate - Surface Shader Scene.mat
  artifactKey: Guid(e6b9b44320f4448d9d5e0ee634259966) Importer(815301076,1909f56bfc062723c751e8b465ee728b)
Start importing Assets/TextMesh Pro/Examples & Extras/Materials/Crate - Surface Shader Scene.mat using Guid(e6b9b44320f4448d9d5e0ee634259966) Importer(815301076,1909f56bfc062723c751e8b465ee728b)  -> (artifact id: 'dc52a4b7dabca33c47910d47ac5b2870') in 0.009891 seconds
  Import took 0.012388 seconds .

========================================================================
Received Import Request.
  Time since last request: 0.000156 seconds.
  path: Assets/TextMesh Pro/Examples & Extras/Fonts/Electronic Highway Sign.TTF
  artifactKey: Guid(8a2b9e2a607dd2143b58c44bc32410b4) Importer(815301076,1909f56bfc062723c751e8b465ee728b)
Start importing Assets/TextMesh Pro/Examples & Extras/Fonts/Electronic Highway Sign.TTF using Guid(8a2b9e2a607dd2143b58c44bc32410b4) Importer(815301076,1909f56bfc062723c751e8b465ee728b)  -> (artifact id: 'ef9854d67980004ee172dca555a858f9') in 0.011819 seconds
  Import took 0.014250 seconds .

========================================================================
Received Import Request.
  Time since last request: 0.000176 seconds.
  path: Assets/TextMesh Pro/Fonts/LiberationSans.ttf
  artifactKey: Guid(e3265ab4bf004d28a9537516768c1c75) Importer(815301076,1909f56bfc062723c751e8b465ee728b)
Start importing Assets/TextMesh Pro/Fonts/LiberationSans.ttf using Guid(e3265ab4bf004d28a9537516768c1c75) Importer(815301076,1909f56bfc062723c751e8b465ee728b)  -> (artifact id: 'ee89e5042f66d11fd6a49fba2e2320e8') in 0.011064 seconds
  Import took 0.013488 seconds .

========================================================================
Received Import Request.
  Time since last request: 0.000198 seconds.
  path: Assets/TextMesh Pro/Resources/Fonts & Materials/LiberationSans SDF - Drop Shadow.mat
  artifactKey: Guid(e73a58f6e2794ae7b1b7e50b7fb811b0) Importer(815301076,1909f56bfc062723c751e8b465ee728b)
Start importing Assets/TextMesh Pro/Resources/Fonts & Materials/LiberationSans SDF - Drop Shadow.mat using Guid(e73a58f6e2794ae7b1b7e50b7fb811b0) Importer(815301076,1909f56bfc062723c751e8b465ee728b)  -> (artifact id: 'd7c9a6e63d9fa0062e755b0df8e71c27') in 0.022574 seconds
  Import took 0.025380 seconds .

========================================================================
Received Import Request.
  Time since last request: 0.000170 seconds.
  path: Assets/TextMesh Pro/Examples & Extras/Materials/Ground - Surface Shader Scene.mat
  artifactKey: Guid(aadd5a709a48466c887296bb5b1b8110) Importer(815301076,1909f56bfc062723c751e8b465ee728b)
Start importing Assets/TextMesh Pro/Examples & Extras/Materials/Ground - Surface Shader Scene.mat using Guid(aadd5a709a48466c887296bb5b1b8110) Importer(815301076,1909f56bfc062723c751e8b465ee728b)  -> (artifact id: '8d5df726ebe68de88ec3e06ab4affef6') in 0.011451 seconds
  Import took 0.013897 seconds .

========================================================================
Received Import Request.
  Time since last request: 0.000172 seconds.
  path: Assets/TextMesh Pro/Examples & Extras/Resources/Fonts & Materials/Roboto-Bold SDF.asset
  artifactKey: Guid(5302535af1044152a457ed104f1f4b91) Importer(815301076,1909f56bfc062723c751e8b465ee728b)
Start importing Assets/TextMesh Pro/Examples & Extras/Resources/Fonts & Materials/Roboto-Bold SDF.asset using Guid(5302535af1044152a457ed104f1f4b91) Importer(815301076,1909f56bfc062723c751e8b465ee728b)  -> (artifact id: 'b47a94b8743353b4566e51f144c8de8f') in 0.012297 seconds
  Import took 0.014875 seconds .

========================================================================
Received Import Request.
  Time since last request: 0.000181 seconds.
  path: Assets/TextMesh Pro/Resources/Fonts & Materials/LiberationSans SDF.asset
  artifactKey: Guid(8f586378b4e144a9851e7b34d9b748ee) Importer(815301076,1909f56bfc062723c751e8b465ee728b)
Start importing Assets/TextMesh Pro/Resources/Fonts & Materials/LiberationSans SDF.asset using Guid(8f586378b4e144a9851e7b34d9b748ee) Importer(815301076,1909f56bfc062723c751e8b465ee728b)  -> (artifact id: '0993fc02711b3bbe6d995d41cc54c5cd') in 0.030799 seconds
  Import took 0.033323 seconds .

========================================================================
Received Import Request.
  Time since last request: 0.000150 seconds.
  path: Assets/TextMesh Pro/Examples & Extras/Materials/Ground - Logo Scene.mat
  artifactKey: Guid(c719e38f25a9480abd2480ab621a2949) Importer(815301076,1909f56bfc062723c751e8b465ee728b)
Start importing Assets/TextMesh Pro/Examples & Extras/Materials/Ground - Logo Scene.mat using Guid(c719e38f25a9480abd2480ab621a2949) Importer(815301076,1909f56bfc062723c751e8b465ee728b)  -> (artifact id: '46e871c4ff7b8bb670e472bc09be462c') in 0.011086 seconds
  Import took 0.013560 seconds .

========================================================================
Received Import Request.
  Time since last request: 0.000173 seconds.
  path: Assets/TextMesh Pro/Examples & Extras/Resources/Fonts & Materials/Oswald Bold SDF.asset
  artifactKey: Guid(0161d805a3764c089bef00bfe00793f5) Importer(815301076,1909f56bfc062723c751e8b465ee728b)
Start importing Assets/TextMesh Pro/Examples & Extras/Resources/Fonts & Materials/Oswald Bold SDF.asset using Guid(0161d805a3764c089bef00bfe00793f5) Importer(815301076,1909f56bfc062723c751e8b465ee728b)  -> (artifact id: '7819ad81ef483029d4e96ab7e35fb326') in 0.013876 seconds
  Import took 0.016520 seconds .

========================================================================
Received Import Request.
  Time since last request: 0.000200 seconds.
  path: Assets/TextMesh Pro/Examples & Extras/Resources/Fonts & Materials/LiberationSans SDF - Metalic Green.mat
  artifactKey: Guid(8b29aaa3eec7468097ff07adfcf29ac9) Importer(815301076,1909f56bfc062723c751e8b465ee728b)
Start importing Assets/TextMesh Pro/Examples & Extras/Resources/Fonts & Materials/LiberationSans SDF - Metalic Green.mat using Guid(8b29aaa3eec7468097ff07adfcf29ac9) Importer(815301076,1909f56bfc062723c751e8b465ee728b)  -> (artifact id: '2a2d610715e81303ae41f55ba5eb06fd') in 0.024241 seconds
  Import took 0.026789 seconds .

========================================================================
Received Import Request.
  Time since last request: 0.000163 seconds.
  path: Assets/TextMesh Pro/Examples & Extras/Resources/Fonts & Materials/Roboto-Bold SDF - Surface.mat
  artifactKey: Guid(e6b276ec991f467aa14ef1f3cc665993) Importer(815301076,1909f56bfc062723c751e8b465ee728b)
Start importing Assets/TextMesh Pro/Examples & Extras/Resources/Fonts & Materials/Roboto-Bold SDF - Surface.mat using Guid(e6b276ec991f467aa14ef1f3cc665993) Importer(815301076,1909f56bfc062723c751e8b465ee728b)  -> (artifact id: '771e040dac0024f56faa02e1bd244fee') in 0.084876 seconds
  Import took 0.087361 seconds .

========================================================================
Received Import Request.
  Time since last request: 0.000157 seconds.
  path: Assets/TextMesh Pro/Examples & Extras/Resources/Fonts & Materials/LiberationSans SDF - Soft Mask.mat
  artifactKey: Guid(42df1c7856584b6b8db9a509b6b10074) Importer(815301076,1909f56bfc062723c751e8b465ee728b)
Start importing Assets/TextMesh Pro/Examples & Extras/Resources/Fonts & Materials/LiberationSans SDF - Soft Mask.mat using Guid(42df1c7856584b6b8db9a509b6b10074) Importer(815301076,1909f56bfc062723c751e8b465ee728b)  -> (artifact id: '23b0e2c740998f617200d703b59d0bc1') in 0.023397 seconds
  Import took 0.025858 seconds .

========================================================================
Received Import Request.
  Time since last request: 1.520184 seconds.
  path: Assets/Resources/Data/enemy_data_red.asset
  artifactKey: Guid(dd291f4eb8c25ac4c8d5b0b482cfccdb) Importer(815301076,1909f56bfc062723c751e8b465ee728b)
Start importing Assets/Resources/Data/enemy_data_red.asset using Guid(dd291f4eb8c25ac4c8d5b0b482cfccdb) Importer(815301076,1909f56bfc062723c751e8b465ee728b)  -> (artifact id: '554c834f9e518a331c88cb154abb091a') in 0.005705 seconds
  Import took 0.008651 seconds .

========================================================================
Received Import Request.
  Time since last request: 239.667478 seconds.
  path: Assets/Materials/mat_Arena.mat
  artifactKey: Guid(2cf60b33f90a00642838d77fbc4ee861) Importer(815301076,1909f56bfc062723c751e8b465ee728b)
Start importing Assets/Materials/mat_Arena.mat using Guid(2cf60b33f90a00642838d77fbc4ee861) Importer(815301076,1909f56bfc062723c751e8b465ee728b)  -> (artifact id: '0993992b553b058b7bebda467369f28e') in 0.012190 seconds
  Import took 0.015027 seconds .

========================================================================
Received Prepare
Registering precompiled user dll's ...
Registered in 0.000613 seconds.
Begin MonoManager ReloadAssembly
Native extension for WindowsStandalone target not found
Refreshing native plugins compatible for Editor in 0.47 ms, found 0 plugins.
Preloading 0 native plugins for Editor in 0.00 ms.
Invoked RoslynAnalysisRunner static constructor.
RoslynAnalysisRunner will not be running.
RoslynAnalysisRunner has terminated.
Mono: successfully reloaded assembly
- Completed reload, in  0.737 seconds
Platform modules already initialized, skipping
Refreshing native plugins compatible for Editor in 0.45 ms, found 0 plugins.
Preloading 0 native plugins for Editor in 0.00 ms.
Unloading 1711 Unused Serialized files (Serialized files now loaded: 0)
System memory in use before: 82.6 MB.
System memory in use after: 82.8 MB.

Unloading 18 unused Assets to reduce memory usage. Loaded Objects now: 2298.
Total: 2.090700 ms (FindLiveObjects: 0.245100 ms CreateObjectMapping: 0.047900 ms MarkObjects: 1.774700 ms  DeleteObjects: 0.020700 ms)

========================================================================
Received Prepare
Registering precompiled user dll's ...
Registered in 0.000437 seconds.
Begin MonoManager ReloadAssembly
Native extension for WindowsStandalone target not found
Refreshing native plugins compatible for Editor in 0.44 ms, found 0 plugins.
Preloading 0 native plugins for Editor in 0.00 ms.
Invoked RoslynAnalysisRunner static constructor.
RoslynAnalysisRunner will not be running.
RoslynAnalysisRunner has terminated.
Mono: successfully reloaded assembly
- Completed reload, in  0.717 seconds
Platform modules already initialized, skipping
Refreshing native plugins compatible for Editor in 0.44 ms, found 0 plugins.
Preloading 0 native plugins for Editor in 0.00 ms.
Unloading 1711 Unused Serialized files (Serialized files now loaded: 0)
System memory in use before: 82.6 MB.
System memory in use after: 82.8 MB.

Unloading 18 unused Assets to reduce memory usage. Loaded Objects now: 2301.
Total: 1.864000 ms (FindLiveObjects: 0.214100 ms CreateObjectMapping: 0.045200 ms MarkObjects: 1.590000 ms  DeleteObjects: 0.013800 ms)

========================================================================
Received Prepare
Registering precompiled user dll's ...
Registered in 0.000426 seconds.
Begin MonoManager ReloadAssembly
Native extension for WindowsStandalone target not found
Refreshing native plugins compatible for Editor in 0.45 ms, found 0 plugins.
Preloading 0 native plugins for Editor in 0.00 ms.
Invoked RoslynAnalysisRunner static constructor.
RoslynAnalysisRunner will not be running.
RoslynAnalysisRunner has terminated.
Mono: successfully reloaded assembly
- Completed reload, in  0.722 seconds
Platform modules already initialized, skipping
Refreshing native plugins compatible for Editor in 0.42 ms, found 0 plugins.
Preloading 0 native plugins for Editor in 0.00 ms.
Unloading 1711 Unused Serialized files (Serialized files now loaded: 0)
System memory in use before: 82.7 MB.
System memory in use after: 82.8 MB.

Unloading 18 unused Assets to reduce memory usage. Loaded Objects now: 2304.
Total: 1.901100 ms (FindLiveObjects: 0.218500 ms CreateObjectMapping: 0.043300 ms MarkObjects: 1.622000 ms  DeleteObjects: 0.015600 ms)

========================================================================
Received Prepare
Registering precompiled user dll's ...
Registered in 0.000417 seconds.
Begin MonoManager ReloadAssembly
Native extension for WindowsStandalone target not found
Refreshing native plugins compatible for Editor in 0.46 ms, found 0 plugins.
Preloading 0 native plugins for Editor in 0.00 ms.
Invoked RoslynAnalysisRunner static constructor.
RoslynAnalysisRunner will not be running.
RoslynAnalysisRunner has terminated.
Mono: successfully reloaded assembly
- Completed reload, in  0.758 seconds
Platform modules already initialized, skipping
Refreshing native plugins compatible for Editor in 0.45 ms, found 0 plugins.
Preloading 0 native plugins for Editor in 0.00 ms.
Unloading 1711 Unused Serialized files (Serialized files now loaded: 0)
System memory in use before: 82.7 MB.
System memory in use after: 82.8 MB.

Unloading 18 unused Assets to reduce memory usage. Loaded Objects now: 2307.
Total: 1.928900 ms (FindLiveObjects: 0.229700 ms CreateObjectMapping: 0.042900 ms MarkObjects: 1.639600 ms  DeleteObjects: 0.015200 ms)

========================================================================
Received Prepare
Registering precompiled user dll's ...
Registered in 0.000421 seconds.
Begin MonoManager ReloadAssembly
Native extension for WindowsStandalone target not found
Refreshing native plugins compatible for Editor in 0.62 ms, found 0 plugins.
Preloading 0 native plugins for Editor in 0.00 ms.
Invoked RoslynAnalysisRunner static constructor.
RoslynAnalysisRunner will not be running.
RoslynAnalysisRunner has terminated.
Mono: successfully reloaded assembly
- Completed reload, in  0.740 seconds
Platform modules already initialized, skipping
Refreshing native plugins compatible for Editor in 0.40 ms, found 0 plugins.
Preloading 0 native plugins for Editor in 0.00 ms.
Unloading 1711 Unused Serialized files (Serialized files now loaded: 0)
System memory in use before: 82.7 MB.
System memory in use after: 82.8 MB.

Unloading 18 unused Assets to reduce memory usage. Loaded Objects now: 2310.
Total: 1.791100 ms (FindLiveObjects: 0.181700 ms CreateObjectMapping: 0.045600 ms MarkObjects: 1.548400 ms  DeleteObjects: 0.013900 ms)

========================================================================
Received Prepare
Registering precompiled user dll's ...
Registered in 0.000419 seconds.
Begin MonoManager ReloadAssembly
Native extension for WindowsStandalone target not found
Refreshing native plugins compatible for Editor in 0.48 ms, found 0 plugins.
Preloading 0 native plugins for Editor in 0.00 ms.
Invoked RoslynAnalysisRunner static constructor.
RoslynAnalysisRunner will not be running.
RoslynAnalysisRunner has terminated.
Mono: successfully reloaded assembly
- Completed reload, in  0.737 seconds
Platform modules already initialized, skipping
Refreshing native plugins compatible for Editor in 0.47 ms, found 0 plugins.
Preloading 0 native plugins for Editor in 0.00 ms.
Unloading 1711 Unused Serialized files (Serialized files now loaded: 0)
System memory in use before: 82.7 MB.
System memory in use after: 82.8 MB.

Unloading 18 unused Assets to reduce memory usage. Loaded Objects now: 2313.
Total: 1.806700 ms (FindLiveObjects: 0.193700 ms CreateObjectMapping: 0.041200 ms MarkObjects: 1.555700 ms  DeleteObjects: 0.014800 ms)

========================================================================
Received Import Request.
  Time since last request: 512.790629 seconds.
  path: Assets/Prefabs/enemy_blue.prefab
  artifactKey: Guid(7dbf6f547d486974db6afc1c537102bb) Importer(815301076,1909f56bfc062723c751e8b465ee728b)
Start importing Assets/Prefabs/enemy_blue.prefab using Guid(7dbf6f547d486974db6afc1c537102bb) Importer(815301076,1909f56bfc062723c751e8b465ee728b)  -> (artifact id: 'ec936bc9c7722a786019ec3225f9c2e5') in 0.058131 seconds
  Import took 0.060995 seconds .

========================================================================
Received Import Request.
  Time since last request: 0.000165 seconds.
  path: Assets/Prefabs/enemy_red.prefab
  artifactKey: Guid(418f8a49f5c4445459313a22f8c2fa82) Importer(815301076,1909f56bfc062723c751e8b465ee728b)
Start importing Assets/Prefabs/enemy_red.prefab using Guid(418f8a49f5c4445459313a22f8c2fa82) Importer(815301076,1909f56bfc062723c751e8b465ee728b)  -> (artifact id: '2cc256a3a222b04c922c00697ea95573') in 0.010580 seconds
  Import took 0.013057 seconds .

========================================================================
Received Import Request.
  Time since last request: 5.257891 seconds.
  path: Assets/Prefabs/enemy_blue.prefab
  artifactKey: Guid(7dbf6f547d486974db6afc1c537102bb) Importer(815301076,1909f56bfc062723c751e8b465ee728b)
Start importing Assets/Prefabs/enemy_blue.prefab using Guid(7dbf6f547d486974db6afc1c537102bb) Importer(815301076,1909f56bfc062723c751e8b465ee728b)  -> (artifact id: '53f822651b6622718cae0884607d1da7') in 0.010413 seconds
  Import took 0.013321 seconds .

========================================================================
Received Import Request.
  Time since last request: 0.011323 seconds.
  path: Assets/Prefabs/enemy_blue.prefab
  artifactKey: Guid(7dbf6f547d486974db6afc1c537102bb) Importer(815301076,1909f56bfc062723c751e8b465ee728b)
Start importing Assets/Prefabs/enemy_blue.prefab using Guid(7dbf6f547d486974db6afc1c537102bb) Importer(815301076,1909f56bfc062723c751e8b465ee728b)  -> (artifact id: '53f822651b6622718cae0884607d1da7') in 0.007089 seconds
  Import took 0.009527 seconds .

========================================================================
Received Import Request.
  Time since last request: 14.050532 seconds.
  path: Assets/Prefabs/enemy_red.prefab
  artifactKey: Guid(418f8a49f5c4445459313a22f8c2fa82) Importer(815301076,1909f56bfc062723c751e8b465ee728b)
Start importing Assets/Prefabs/enemy_red.prefab using Guid(418f8a49f5c4445459313a22f8c2fa82) Importer(815301076,1909f56bfc062723c751e8b465ee728b)  -> (artifact id: 'c4cc04bee7d4ddc97b08b116c9e415ec') in 0.010719 seconds
  Import took 0.013658 seconds .

========================================================================
Received Import Request.
  Time since last request: 0.013046 seconds.
  path: Assets/Prefabs/enemy_red.prefab
  artifactKey: Guid(418f8a49f5c4445459313a22f8c2fa82) Importer(815301076,1909f56bfc062723c751e8b465ee728b)
Start importing Assets/Prefabs/enemy_red.prefab using Guid(418f8a49f5c4445459313a22f8c2fa82) Importer(815301076,1909f56bfc062723c751e8b465ee728b)  -> (artifact id: 'c4cc04bee7d4ddc97b08b116c9e415ec') in 0.006538 seconds
  Import took 0.009127 seconds .

========================================================================
Received Import Request.
  Time since last request: 4.616095 seconds.
  path: Assets/Prefabs/enemy_red.prefab
  artifactKey: Guid(418f8a49f5c4445459313a22f8c2fa82) Importer(815301076,1909f56bfc062723c751e8b465ee728b)
Start importing Assets/Prefabs/enemy_red.prefab using Guid(418f8a49f5c4445459313a22f8c2fa82) Importer(815301076,1909f56bfc062723c751e8b465ee728b)  -> (artifact id: 'f1de28cc4d4034998acbe345770ca187') in 0.006419 seconds
  Import took 0.009274 seconds .

========================================================================
Received Import Request.
  Time since last request: 0.016446 seconds.
  path: Assets/Prefabs/enemy_red.prefab
  artifactKey: Guid(418f8a49f5c4445459313a22f8c2fa82) Importer(815301076,1909f56bfc062723c751e8b465ee728b)
Start importing Assets/Prefabs/enemy_red.prefab using Guid(418f8a49f5c4445459313a22f8c2fa82) Importer(815301076,1909f56bfc062723c751e8b465ee728b)  -> (artifact id: 'f1de28cc4d4034998acbe345770ca187') in 0.007366 seconds
  Import took 0.010216 seconds .

========================================================================
Received Import Request.
  Time since last request: 18.890267 seconds.
  path: Assets/Resources/Data/player_data.asset
  artifactKey: Guid(162471bfaf8210b4e96acd921714f7c4) Importer(815301076,1909f56bfc062723c751e8b465ee728b)
Start importing Assets/Resources/Data/player_data.asset using Guid(162471bfaf8210b4e96acd921714f7c4) Importer(815301076,1909f56bfc062723c751e8b465ee728b)  -> (artifact id: '7cf7ce8a21e5737084c7c026bdaa8bd7') in 0.005538 seconds
  Import took 0.008321 seconds .

========================================================================
Received Import Request.
  Time since last request: 0.002704 seconds.
  path: Assets/Resources/Data/player_data.asset
  artifactKey: Guid(162471bfaf8210b4e96acd921714f7c4) Importer(815301076,1909f56bfc062723c751e8b465ee728b)
Start importing Assets/Resources/Data/player_data.asset using Guid(162471bfaf8210b4e96acd921714f7c4) Importer(815301076,1909f56bfc062723c751e8b465ee728b)  -> (artifact id: '7cf7ce8a21e5737084c7c026bdaa8bd7') in 0.001999 seconds
  Import took 0.004695 seconds .

========================================================================
Received Prepare
Registering precompiled user dll's ...
Registered in 0.000526 seconds.
Begin MonoManager ReloadAssembly
Native extension for WindowsStandalone target not found
Refreshing native plugins compatible for Editor in 0.44 ms, found 0 plugins.
Preloading 0 native plugins for Editor in 0.00 ms.
Invoked RoslynAnalysisRunner static constructor.
RoslynAnalysisRunner will not be running.
RoslynAnalysisRunner has terminated.
Mono: successfully reloaded assembly
- Completed reload, in  0.754 seconds
Platform modules already initialized, skipping
Refreshing native plugins compatible for Editor in 0.46 ms, found 0 plugins.
Preloading 0 native plugins for Editor in 0.00 ms.
Unloading 1711 Unused Serialized files (Serialized files now loaded: 0)
System memory in use before: 82.7 MB.
System memory in use after: 82.8 MB.

Unloading 19 unused Assets to reduce memory usage. Loaded Objects now: 2317.
Total: 1.842100 ms (FindLiveObjects: 0.192800 ms CreateObjectMapping: 0.046400 ms MarkObjects: 1.581800 ms  DeleteObjects: 0.020100 ms)

========================================================================
Received Import Request.
  Time since last request: 331.409626 seconds.
  path: Assets/Prefabs/Player.prefab
  artifactKey: Guid(b31c056dd3f09a944b509ceda2a22e1f) Importer(815301076,1909f56bfc062723c751e8b465ee728b)
Start importing Assets/Prefabs/Player.prefab using Guid(b31c056dd3f09a944b509ceda2a22e1f) Importer(815301076,1909f56bfc062723c751e8b465ee728b)  -> (artifact id: 'ce17c5d8125a454c23f72e87e22214db') in 0.069501 seconds
  Import took 0.072487 seconds .

========================================================================
Received Prepare
Registering precompiled user dll's ...
Registered in 0.000447 seconds.
Begin MonoManager ReloadAssembly
Native extension for WindowsStandalone target not found
Refreshing native plugins compatible for Editor in 0.44 ms, found 0 plugins.
Preloading 0 native plugins for Editor in 0.00 ms.
Invoked RoslynAnalysisRunner static constructor.
RoslynAnalysisRunner will not be running.
RoslynAnalysisRunner has terminated.
Mono: successfully reloaded assembly
- Completed reload, in  0.719 seconds
Platform modules already initialized, skipping
Refreshing native plugins compatible for Editor in 0.46 ms, found 0 plugins.
Preloading 0 native plugins for Editor in 0.00 ms.
Unloading 1711 Unused Serialized files (Serialized files now loaded: 0)
System memory in use before: 82.7 MB.
System memory in use after: 82.8 MB.

Unloading 19 unused Assets to reduce memory usage. Loaded Objects now: 2321.
Total: 1.839700 ms (FindLiveObjects: 0.188500 ms CreateObjectMapping: 0.045300 ms MarkObjects: 1.585500 ms  DeleteObjects: 0.018900 ms)

========================================================================
Received Prepare
Registering precompiled user dll's ...
Registered in 0.000575 seconds.
Begin MonoManager ReloadAssembly
Native extension for WindowsStandalone target not found
Refreshing native plugins compatible for Editor in 0.45 ms, found 0 plugins.
Preloading 0 native plugins for Editor in 0.00 ms.
Invoked RoslynAnalysisRunner static constructor.
RoslynAnalysisRunner will not be running.
RoslynAnalysisRunner has terminated.
Mono: successfully reloaded assembly
- Completed reload, in  0.736 seconds
Platform modules already initialized, skipping
Refreshing native plugins compatible for Editor in 0.47 ms, found 0 plugins.
Preloading 0 native plugins for Editor in 0.00 ms.
Unloading 1711 Unused Serialized files (Serialized files now loaded: 0)
System memory in use before: 82.7 MB.
System memory in use after: 82.8 MB.

Unloading 18 unused Assets to reduce memory usage. Loaded Objects now: 2324.
Total: 1.851200 ms (FindLiveObjects: 0.210300 ms CreateObjectMapping: 0.043300 ms MarkObjects: 1.579800 ms  DeleteObjects: 0.016600 ms)

AssetImportWorkerClient::OnTransportError - code=2 error=End of file
